2025-09-30 20:36:41 [scrapy.utils.log] INFO: Scrapy 2.13.3 started (bot: hemkop)
2025-09-30 20:36:41 [scrapy.utils.log] INFO: Versions:
{'lxml': '6.0.2',
 'libxml2': '2.14.6',
 'cssselect': '1.3.0',
 'parsel': '1.10.0',
 'w3lib': '2.3.1',
 'Twisted': '25.5.0',
 'Python': '3.13.7 (main, Aug 15 2025, 08:56:07) [GCC 13.3.0]',
 'pyOpenSSL': '25.3.0 (OpenSSL 3.5.3 16 Sep 2025)',
 'cryptography': '46.0.1',
 'Platform': 'Linux-6.8.0-84-generic-x86_64-with-glibc2.39'}
2025-09-30 20:36:41 [scrapy.addons] INFO: Enabled addons:
[]
2025-09-30 20:36:41 [scrapy.extensions.telnet] INFO: Telnet Password: e48226cae93d3d48
2025-09-30 20:36:41 [scrapy.middleware] INFO: Enabled extensions:
['scrapy.extensions.corestats.CoreStats',
 'scrapy.extensions.telnet.TelnetConsole',
 'scrapy.extensions.memusage.MemoryUsage',
 'scrapy.extensions.feedexport.FeedExporter',
 'scrapy.extensions.logstats.LogStats',
 'scrapy.extensions.throttle.AutoThrottle']
2025-09-30 20:36:41 [scrapy.crawler] INFO: Overridden settings:
{'AUTOTHROTTLE_ENABLED': True,
 'AUTOTHROTTLE_MAX_DELAY': 10.0,
 'AUTOTHROTTLE_START_DELAY': 1.0,
 'BOT_NAME': 'hemkop',
 'CONCURRENT_REQUESTS': 4,
 'CONCURRENT_REQUESTS_PER_DOMAIN': 1,
 'DOWNLOAD_DELAY': 0.5,
 'FEED_EXPORT_ENCODING': 'utf-8',
 'LOG_FILE': 'scrapy_run.log',
 'LOG_LEVEL': 'INFO',
 'NEWSPIDER_MODULE': 'hemkop_scraper.spiders',
 'ROBOTSTXT_OBEY': True,
 'SPIDER_MODULES': ['hemkop_scraper.spiders'],
 'USER_AGENT': 'hemkop-bot (contact: you@example.com)'}
2025-09-30 20:36:41 [scrapy.middleware] INFO: Enabled downloader middlewares:
['scrapy.downloadermiddlewares.offsite.OffsiteMiddleware',
 'scrapy.downloadermiddlewares.robotstxt.RobotsTxtMiddleware',
 'scrapy.downloadermiddlewares.httpauth.HttpAuthMiddleware',
 'scrapy.downloadermiddlewares.downloadtimeout.DownloadTimeoutMiddleware',
 'scrapy.downloadermiddlewares.defaultheaders.DefaultHeadersMiddleware',
 'scrapy.downloadermiddlewares.useragent.UserAgentMiddleware',
 'scrapy.downloadermiddlewares.retry.RetryMiddleware',
 'scrapy.downloadermiddlewares.redirect.MetaRefreshMiddleware',
 'scrapy.downloadermiddlewares.httpcompression.HttpCompressionMiddleware',
 'scrapy.downloadermiddlewares.redirect.RedirectMiddleware',
 'scrapy.downloadermiddlewares.cookies.CookiesMiddleware',
 'scrapy.downloadermiddlewares.httpproxy.HttpProxyMiddleware',
 'scrapy.downloadermiddlewares.stats.DownloaderStats']
2025-09-30 20:36:41 [scrapy.middleware] INFO: Enabled spider middlewares:
['scrapy.spidermiddlewares.start.StartSpiderMiddleware',
 'scrapy.spidermiddlewares.httperror.HttpErrorMiddleware',
 'scrapy.spidermiddlewares.referer.RefererMiddleware',
 'scrapy.spidermiddlewares.urllength.UrlLengthMiddleware',
 'scrapy.spidermiddlewares.depth.DepthMiddleware']
2025-09-30 20:36:41 [scrapy.middleware] INFO: Enabled item pipelines:
[]
2025-09-30 20:36:41 [scrapy.core.engine] INFO: Spider opened
2025-09-30 20:36:41 [scrapy.extensions.logstats] INFO: Crawled 0 pages (at 0 pages/min), scraped 0 items (at 0 items/min)
2025-09-30 20:36:41 [scrapy.extensions.telnet] INFO: Telnet console listening on 127.0.0.1:6024
2025-09-30 20:36:44 [scrapy.spidermiddlewares.httperror] INFO: Ignoring response <404 https://www.hemkop.se/c/mejeri-ost-och-agg/allergi-mejeri/kvarg-och-cottage-cheese?page=0&size=30&sort=topRated>: HTTP status code is not handled or not allowed
2025-09-30 20:36:44 [scrapy.spidermiddlewares.httperror] INFO: Ignoring response <404 https://www.hemkop.se/c/mejeri-ost-och-agg/allergi-mejeri/havre-soja-risdryck-mm?page=0&size=30&sort=topRated>: HTTP status code is not handled or not allowed
2025-09-30 20:36:45 [scrapy.spidermiddlewares.httperror] INFO: Ignoring response <404 https://www.hemkop.se/c/mejeri-ost-och-agg/allergi-mejeri/filmjolk-och-yoghurt?page=0&size=30&sort=topRated>: HTTP status code is not handled or not allowed
2025-09-30 20:36:45 [scrapy.spidermiddlewares.httperror] INFO: Ignoring response <404 https://www.hemkop.se/c/mejeri-ost-och-agg/vegetariskt/palagg-och-ost?page=0&size=30&sort=topRated>: HTTP status code is not handled or not allowed
2025-09-30 20:36:46 [scrapy.spidermiddlewares.httperror] INFO: Ignoring response <404 https://www.hemkop.se/c/lotter?page=0&size=30&sort=topRated>: HTTP status code is not handled or not allowed
2025-09-30 20:36:48 [scrapy.spidermiddlewares.httperror] INFO: Ignoring response <404 https://www.hemkop.se/c/tobak/ovrigt?page=0&size=30&sort=topRated>: HTTP status code is not handled or not allowed
2025-09-30 20:36:49 [scrapy.spidermiddlewares.httperror] INFO: Ignoring response <404 https://www.hemkop.se/c/tobak/nikotinfritt?page=0&size=30&sort=topRated>: HTTP status code is not handled or not allowed
2025-09-30 20:36:49 [scrapy.spidermiddlewares.httperror] INFO: Ignoring response <404 https://www.hemkop.se/c/tobak/nikotinportioner?page=0&size=30&sort=topRated>: HTTP status code is not handled or not allowed
2025-09-30 20:37:09 [scrapy.spidermiddlewares.httperror] INFO: Ignoring response <404 https://www.hemkop.se/c/tobak/snus/snus-stock?page=0&size=30&sort=topRated>: HTTP status code is not handled or not allowed
2025-09-30 20:37:10 [scrapy.spidermiddlewares.httperror] INFO: Ignoring response <404 https://www.hemkop.se/c/tobak/snus/snus-dosa?page=0&size=30&sort=topRated>: HTTP status code is not handled or not allowed
2025-09-30 20:37:11 [scrapy.spidermiddlewares.httperror] INFO: Ignoring response <404 https://www.hemkop.se/c/tobak/cigaretter/cigaretter-limpa?page=0&size=30&sort=topRated>: HTTP status code is not handled or not allowed
2025-09-30 20:37:11 [scrapy.spidermiddlewares.httperror] INFO: Ignoring response <404 https://www.hemkop.se/c/tobak/cigaretter/cigaretter-ask?page=0&size=30&sort=topRated>: HTTP status code is not handled or not allowed
2025-09-30 20:37:12 [scrapy.spidermiddlewares.httperror] INFO: Ignoring response <404 https://www.hemkop.se/c/djur/smadjur/godis-och-tillbehor?page=0&size=30&sort=topRated>: HTTP status code is not handled or not allowed
2025-09-30 20:37:13 [scrapy.spidermiddlewares.httperror] INFO: Ignoring response <404 https://www.hemkop.se/c/djur/smadjur/fagel?page=0&size=30&sort=topRated>: HTTP status code is not handled or not allowed
2025-09-30 20:37:13 [scrapy.spidermiddlewares.httperror] INFO: Ignoring response <404 https://www.hemkop.se/c/djur/katt/kattleksaker-och-tillbehor?page=0&size=30&sort=topRated>: HTTP status code is not handled or not allowed
2025-09-30 20:37:15 [scrapy.spidermiddlewares.httperror] INFO: Ignoring response <404 https://www.hemkop.se/c/djur/katt/kattmat-vat-?page=0&size=30&sort=topRated>: HTTP status code is not handled or not allowed
2025-09-30 20:37:16 [scrapy.spidermiddlewares.httperror] INFO: Ignoring response <404 https://www.hemkop.se/c/djur/hund/hundleksaker-och-tillbehor?page=0&size=30&sort=topRated>: HTTP status code is not handled or not allowed
2025-09-30 20:37:41 [scrapy.extensions.logstats] INFO: Crawled 97 pages (at 97 pages/min), scraped 71 items (at 71 items/min)
2025-09-30 20:38:06 [scrapy.spidermiddlewares.httperror] INFO: Ignoring response <404 https://www.hemkop.se/c/apotek/sex-och-lust?page=0&size=30&sort=topRated>: HTTP status code is not handled or not allowed
2025-09-30 20:38:06 [scrapy.spidermiddlewares.httperror] INFO: Ignoring response <404 https://www.hemkop.se/c/apotek/plaster-och-sarvard?page=0&size=30&sort=topRated>: HTTP status code is not handled or not allowed
2025-09-30 20:38:41 [scrapy.extensions.logstats] INFO: Crawled 198 pages (at 101 pages/min), scraped 164 items (at 93 items/min)
2025-09-30 20:39:41 [scrapy.spidermiddlewares.httperror] INFO: Ignoring response <404 https://www.hemkop.se/c/apotek/receptfria-lakemedel/sluta-roka-snusa?page=0&size=30&sort=topRated>: HTTP status code is not handled or not allowed
2025-09-30 20:39:41 [scrapy.spidermiddlewares.httperror] INFO: Ignoring response <404 https://www.hemkop.se/c/apotek/receptfria-lakemedel/vark-och-feber?page=0&size=30&sort=topRated>: HTTP status code is not handled or not allowed
2025-09-30 20:39:41 [scrapy.extensions.logstats] INFO: Crawled 298 pages (at 100 pages/min), scraped 262 items (at 98 items/min)
2025-09-30 20:39:42 [scrapy.spidermiddlewares.httperror] INFO: Ignoring response <404 https://www.hemkop.se/c/apotek/receptfria-lakemedel/mage-och-tarm?page=0&size=30&sort=topRated>: HTTP status code is not handled or not allowed
2025-09-30 20:39:43 [scrapy.spidermiddlewares.httperror] INFO: Ignoring response <404 https://www.hemkop.se/c/apotek/receptfria-lakemedel/forkylning?page=0&size=30&sort=topRated>: HTTP status code is not handled or not allowed
2025-09-30 20:39:43 [scrapy.spidermiddlewares.httperror] INFO: Ignoring response <404 https://www.hemkop.se/c/apotek/receptfria-lakemedel/allergi?page=0&size=30&sort=topRated>: HTTP status code is not handled or not allowed
2025-09-30 20:39:44 [scrapy.spidermiddlewares.httperror] INFO: Ignoring response <404 https://www.hemkop.se/c/halsa-och-skonhet/nasdukar-och-bomull?page=0&size=30&sort=topRated>: HTTP status code is not handled or not allowed
2025-09-30 20:39:44 [scrapy.spidermiddlewares.httperror] INFO: Ignoring response <404 https://www.hemkop.se/c/halsa-och-skonhet/viktkontroll-och-traning/viktkontroll?page=0&size=30&sort=topRated>: HTTP status code is not handled or not allowed
2025-09-30 20:39:45 [scrapy.spidermiddlewares.httperror] INFO: Ignoring response <404 https://www.hemkop.se/c/halsa-och-skonhet/viktkontroll-och-traning/sport-och-traning?page=0&size=30&sort=topRated>: HTTP status code is not handled or not allowed
2025-09-30 20:39:46 [scrapy.spidermiddlewares.httperror] INFO: Ignoring response <404 https://www.hemkop.se/c/halsa-och-skonhet/halsokost/ovrig-halsokost?page=0&size=30&sort=topRated>: HTTP status code is not handled or not allowed
2025-09-30 20:39:46 [scrapy.spidermiddlewares.httperror] INFO: Ignoring response <404 https://www.hemkop.se/c/halsa-och-skonhet/halsokost/vitaminer-och-mineraler?page=0&size=30&sort=topRated>: HTTP status code is not handled or not allowed
2025-09-30 20:39:48 [scrapy.spidermiddlewares.httperror] INFO: Ignoring response <404 https://www.hemkop.se/c/halsa-och-skonhet/intimhygien/inkontinensskydd?page=0&size=30&sort=topRated>: HTTP status code is not handled or not allowed
2025-09-30 20:40:41 [scrapy.extensions.logstats] INFO: Crawled 397 pages (at 99 pages/min), scraped 346 items (at 84 items/min)
2025-09-30 20:41:13 [scrapy.spidermiddlewares.httperror] INFO: Ignoring response <404 https://www.hemkop.se/c/halsa-och-skonhet/kroppsvard/solskydd?page=0&size=30&sort=topRated>: HTTP status code is not handled or not allowed
2025-09-30 20:41:14 [scrapy.spidermiddlewares.httperror] INFO: Ignoring response <404 https://www.hemkop.se/c/halsa-och-skonhet/kroppsvard/hander-och-fotter?page=0&size=30&sort=topRated>: HTTP status code is not handled or not allowed
2025-09-30 20:41:41 [scrapy.extensions.logstats] INFO: Crawled 499 pages (at 102 pages/min), scraped 442 items (at 96 items/min)
2025-09-30 20:42:05 [scrapy.spidermiddlewares.httperror] INFO: Ignoring response <404 https://www.hemkop.se/c/halsa-och-skonhet/kroppsvard/duschtval?page=0&size=30&sort=topRated>: HTTP status code is not handled or not allowed
2025-09-30 20:42:07 [scrapy.spidermiddlewares.httperror] INFO: Ignoring response <404 https://www.hemkop.se/c/halsa-och-skonhet/kroppsvard/ansiktsvard?page=0&size=30&sort=topRated>: HTTP status code is not handled or not allowed
2025-09-30 20:42:41 [scrapy.extensions.logstats] INFO: Crawled 596 pages (at 97 pages/min), scraped 531 items (at 89 items/min)
2025-09-30 20:43:33 [scrapy.spidermiddlewares.httperror] INFO: Ignoring response <404 https://www.hemkop.se/c/halsa-och-skonhet/kroppsvard/hudvard?page=0&size=30&sort=topRated>: HTTP status code is not handled or not allowed
2025-09-30 20:43:33 [scrapy.spidermiddlewares.httperror] INFO: Ignoring response <404 https://www.hemkop.se/c/halsa-och-skonhet/harvard/ovrig-styling?page=0&size=30&sort=topRated>: HTTP status code is not handled or not allowed
2025-09-30 20:43:35 [scrapy.spidermiddlewares.httperror] INFO: Ignoring response <404 https://www.hemkop.se/c/halsa-och-skonhet/harvard/torrschampo?page=0&size=30&sort=topRated>: HTTP status code is not handled or not allowed
2025-09-30 20:43:35 [scrapy.spidermiddlewares.httperror] INFO: Ignoring response <404 https://www.hemkop.se/c/halsa-och-skonhet/harvard/harvax-och-gel?page=0&size=30&sort=topRated>: HTTP status code is not handled or not allowed
2025-09-30 20:43:36 [scrapy.spidermiddlewares.httperror] INFO: Ignoring response <404 https://www.hemkop.se/c/halsa-och-skonhet/harvard/harspray-och-harmousse?page=0&size=30&sort=topRated>: HTTP status code is not handled or not allowed
2025-09-30 20:43:36 [scrapy.spidermiddlewares.httperror] INFO: Ignoring response <404 https://www.hemkop.se/c/halsa-och-skonhet/harvard/harfarg-och-toning?page=0&size=30&sort=topRated>: HTTP status code is not handled or not allowed
2025-09-30 20:43:41 [scrapy.extensions.logstats] INFO: Crawled 699 pages (at 103 pages/min), scraped 627 items (at 96 items/min)
2025-09-30 20:43:51 [scrapy.spidermiddlewares.httperror] INFO: Ignoring response <404 https://www.hemkop.se/c/halsa-och-skonhet/harvard/balsam-och-harinpackning?page=0&size=30&sort=topRated>: HTTP status code is not handled or not allowed
2025-09-30 20:43:52 [scrapy.spidermiddlewares.httperror] INFO: Ignoring response <404 https://www.hemkop.se/c/halsa-och-skonhet/harvard/schampo-barn?page=0&size=30&sort=topRated>: HTTP status code is not handled or not allowed
2025-09-30 20:43:53 [scrapy.spidermiddlewares.httperror] INFO: Ignoring response <404 https://www.hemkop.se/c/hem-och-stad/party/ljus-och-dukning?page=0&size=30&sort=topRated>: HTTP status code is not handled or not allowed
2025-09-30 20:43:54 [scrapy.spidermiddlewares.httperror] INFO: Ignoring response <404 https://www.hemkop.se/c/hem-och-stad/party/ballonger-och-dekorationer?page=0&size=30&sort=topRated>: HTTP status code is not handled or not allowed
2025-09-30 20:43:54 [scrapy.spidermiddlewares.httperror] INFO: Ignoring response <404 https://www.hemkop.se/c/hem-och-stad/party/partytillbehor?page=0&size=30&sort=topRated>: HTTP status code is not handled or not allowed
2025-09-30 20:43:55 [scrapy.spidermiddlewares.httperror] INFO: Ignoring response <404 https://www.hemkop.se/c/hem-och-stad/tradgard/krukor-och-vaser?page=0&size=30&sort=topRated>: HTTP status code is not handled or not allowed
2025-09-30 20:44:35 [scrapy.spidermiddlewares.httperror] INFO: Ignoring response <404 https://www.hemkop.se/c/hem-och-stad/tradgard/tradgardsartiklar?page=0&size=30&sort=topRated>: HTTP status code is not handled or not allowed
2025-09-30 20:44:36 [scrapy.spidermiddlewares.httperror] INFO: Ignoring response <404 https://www.hemkop.se/c/hem-och-stad/tradgard/vaxtnaring-och-bekampningsmedel?page=0&size=30&sort=topRated>: HTTP status code is not handled or not allowed
2025-09-30 20:44:37 [scrapy.spidermiddlewares.httperror] INFO: Ignoring response <404 https://www.hemkop.se/c/hem-och-stad/tradgard/jord?page=0&size=30&sort=topRated>: HTTP status code is not handled or not allowed
2025-09-30 20:44:37 [scrapy.spidermiddlewares.httperror] INFO: Ignoring response <404 https://www.hemkop.se/c/hem-och-stad/bilen?page=0&size=30&sort=topRated>: HTTP status code is not handled or not allowed
2025-09-30 20:44:38 [scrapy.spidermiddlewares.httperror] INFO: Ignoring response <404 https://www.hemkop.se/c/hem-och-stad/spel-och-leksaker/spel?page=0&size=30&sort=topRated>: HTTP status code is not handled or not allowed
2025-09-30 20:44:39 [scrapy.spidermiddlewares.httperror] INFO: Ignoring response <404 https://www.hemkop.se/c/hem-och-stad/spel-och-leksaker/rita-och-mala?page=0&size=30&sort=topRated>: HTTP status code is not handled or not allowed
2025-09-30 20:44:39 [scrapy.spidermiddlewares.httperror] INFO: Ignoring response <404 https://www.hemkop.se/c/hem-och-stad/spel-och-leksaker/leksaker?page=0&size=30&sort=topRated>: HTTP status code is not handled or not allowed
2025-09-30 20:44:40 [scrapy.spidermiddlewares.httperror] INFO: Ignoring response <404 https://www.hemkop.se/c/hem-och-stad/koket/kaffefilter?page=0&size=30&sort=topRated>: HTTP status code is not handled or not allowed
2025-09-30 20:44:40 [scrapy.spidermiddlewares.httperror] INFO: Ignoring response <404 https://www.hemkop.se/c/hem-och-stad/koket/husgerad-och-kokstillbehor?page=0&size=30&sort=topRated>: HTTP status code is not handled or not allowed
2025-09-30 20:44:41 [scrapy.spidermiddlewares.httperror] INFO: Ignoring response <404 https://www.hemkop.se/c/hem-och-stad/koket/burkar?page=0&size=30&sort=topRated>: HTTP status code is not handled or not allowed
2025-09-30 20:44:41 [scrapy.extensions.logstats] INFO: Crawled 798 pages (at 99 pages/min), scraped 707 items (at 80 items/min)
2025-09-30 20:44:42 [scrapy.spidermiddlewares.httperror] INFO: Ignoring response <404 https://www.hemkop.se/c/hem-och-stad/klader/underklader?page=0&size=30&sort=topRated>: HTTP status code is not handled or not allowed
2025-09-30 20:44:43 [scrapy.spidermiddlewares.httperror] INFO: Ignoring response <404 https://www.hemkop.se/c/hem-och-stad/klader/strumpor-och-strumpbyxor?page=0&size=30&sort=topRated>: HTTP status code is not handled or not allowed
2025-09-30 20:44:43 [scrapy.spidermiddlewares.httperror] INFO: Ignoring response <404 https://www.hemkop.se/c/hem-och-stad/grill/grillkol-briketter-och-tandmedel?page=0&size=30&sort=topRated>: HTTP status code is not handled or not allowed
2025-09-30 20:44:44 [scrapy.spidermiddlewares.httperror] INFO: Ignoring response <404 https://www.hemkop.se/c/hem-och-stad/engangsartiklar/ovrigt?page=0&size=30&sort=topRated>: HTTP status code is not handled or not allowed
2025-09-30 20:44:44 [scrapy.spidermiddlewares.httperror] INFO: Ignoring response <404 https://www.hemkop.se/c/hem-och-stad/engangsartiklar/dukning?page=0&size=30&sort=topRated>: HTTP status code is not handled or not allowed
2025-09-30 20:44:45 [scrapy.spidermiddlewares.httperror] INFO: Ignoring response <404 https://www.hemkop.se/c/hem-och-stad/engangsartiklar/tallrikar?page=0&size=30&sort=topRated>: HTTP status code is not handled or not allowed
2025-09-30 20:44:46 [scrapy.spidermiddlewares.httperror] INFO: Ignoring response <404 https://www.hemkop.se/c/hem-och-stad/engangsartiklar/glas-och-muggar?page=0&size=30&sort=topRated>: HTTP status code is not handled or not allowed
2025-09-30 20:44:46 [scrapy.spidermiddlewares.httperror] INFO: Ignoring response <404 https://www.hemkop.se/c/hem-och-stad/engangsartiklar/bestick?page=0&size=30&sort=topRated>: HTTP status code is not handled or not allowed
2025-09-30 20:44:47 [scrapy.spidermiddlewares.httperror] INFO: Ignoring response <404 https://www.hemkop.se/c/hem-och-stad/hushallsemballage/plastpasar?page=0&size=30&sort=topRated>: HTTP status code is not handled or not allowed
2025-09-30 20:44:48 [scrapy.spidermiddlewares.httperror] INFO: Ignoring response <404 https://www.hemkop.se/c/hem-och-stad/hushallsemballage/fryspasar?page=0&size=30&sort=topRated>: HTTP status code is not handled or not allowed
2025-09-30 20:44:48 [scrapy.spidermiddlewares.httperror] INFO: Ignoring response <404 https://www.hemkop.se/c/hem-och-stad/hushallsemballage/bakplatspapper-och-formar?page=0&size=30&sort=topRated>: HTTP status code is not handled or not allowed
2025-09-30 20:44:49 [scrapy.spidermiddlewares.httperror] INFO: Ignoring response <404 https://www.hemkop.se/c/hem-och-stad/hushallsemballage/aluminium-och-plastfolie?page=0&size=30&sort=topRated>: HTTP status code is not handled or not allowed
2025-09-30 20:44:49 [scrapy.spidermiddlewares.httperror] INFO: Ignoring response <404 https://www.hemkop.se/c/hem-och-stad/hemmet/tandare-och-tandstickor?page=0&size=30&sort=topRated>: HTTP status code is not handled or not allowed
2025-09-30 20:44:50 [scrapy.spidermiddlewares.httperror] INFO: Ignoring response <404 https://www.hemkop.se/c/hem-och-stad/hemmet/servetter-och-dukar?page=0&size=30&sort=topRated>: HTTP status code is not handled or not allowed
2025-09-30 20:44:51 [scrapy.spidermiddlewares.httperror] INFO: Ignoring response <404 https://www.hemkop.se/c/hem-och-stad/hemmet/ljus?page=0&size=30&sort=topRated>: HTTP status code is not handled or not allowed
2025-09-30 20:44:51 [scrapy.spidermiddlewares.httperror] INFO: Ignoring response <404 https://www.hemkop.se/c/hem-och-stad/hemmet/lampor-proppar-och-el?page=0&size=30&sort=topRated>: HTTP status code is not handled or not allowed
2025-09-30 20:44:52 [scrapy.spidermiddlewares.httperror] INFO: Ignoring response <404 https://www.hemkop.se/c/hem-och-stad/hemmet/kontor?page=0&size=30&sort=topRated>: HTTP status code is not handled or not allowed
2025-09-30 20:44:53 [scrapy.spidermiddlewares.httperror] INFO: Ignoring response <404 https://www.hemkop.se/c/hem-och-stad/hemmet/gor-det-sjalv?page=0&size=30&sort=topRated>: HTTP status code is not handled or not allowed
2025-09-30 20:44:53 [scrapy.spidermiddlewares.httperror] INFO: Ignoring response <404 https://www.hemkop.se/c/hem-och-stad/hemmet/fritid?page=0&size=30&sort=topRated>: HTTP status code is not handled or not allowed
2025-09-30 20:44:54 [scrapy.spidermiddlewares.httperror] INFO: Ignoring response <404 https://www.hemkop.se/c/hem-och-stad/hemmet/batterier?page=0&size=30&sort=topRated>: HTTP status code is not handled or not allowed
2025-09-30 20:44:55 [scrapy.spidermiddlewares.httperror] INFO: Ignoring response <404 https://www.hemkop.se/c/hem-och-stad/tvatt/tvattmedel?page=0&size=30&sort=topRated>: HTTP status code is not handled or not allowed
2025-09-30 20:44:55 [scrapy.spidermiddlewares.httperror] INFO: Ignoring response <404 https://www.hemkop.se/c/hem-och-stad/tvatt/skoljmedel-och-tillbehor?page=0&size=30&sort=topRated>: HTTP status code is not handled or not allowed
2025-09-30 20:44:56 [scrapy.spidermiddlewares.httperror] INFO: Ignoring response <404 https://www.hemkop.se/c/hem-och-stad/toalett-och-hushallspapper/toalettpapper?page=0&size=30&sort=topRated>: HTTP status code is not handled or not allowed
2025-09-30 20:44:56 [scrapy.spidermiddlewares.httperror] INFO: Ignoring response <404 https://www.hemkop.se/c/hem-och-stad/toalett-och-hushallspapper/hushallspapper?page=0&size=30&sort=topRated>: HTTP status code is not handled or not allowed
2025-09-30 20:44:57 [scrapy.spidermiddlewares.httperror] INFO: Ignoring response <404 https://www.hemkop.se/c/hem-och-stad/disk-och-stad/disktillbehor?page=0&size=30&sort=topRated>: HTTP status code is not handled or not allowed
2025-09-30 20:44:58 [scrapy.spidermiddlewares.httperror] INFO: Ignoring response <404 https://www.hemkop.se/c/hem-och-stad/disk-och-stad/luftfraschare?page=0&size=30&sort=topRated>: HTTP status code is not handled or not allowed
2025-09-30 20:44:58 [scrapy.spidermiddlewares.httperror] INFO: Ignoring response <404 https://www.hemkop.se/c/hem-och-stad/disk-och-stad/rengoringsmedel-och-tillbehor?page=0&size=30&sort=topRated>: HTTP status code is not handled or not allowed
2025-09-30 20:44:59 [scrapy.spidermiddlewares.httperror] INFO: Ignoring response <404 https://www.hemkop.se/c/hem-och-stad/disk-och-stad/kok-badrum-och-fonsterrengoring?page=0&size=30&sort=topRated>: HTTP status code is not handled or not allowed
2025-09-30 20:45:00 [scrapy.spidermiddlewares.httperror] INFO: Ignoring response <404 https://www.hemkop.se/c/hem-och-stad/disk-och-stad/tillbehor-disk-och-stad?page=0&size=30&sort=topRated>: HTTP status code is not handled or not allowed
2025-09-30 20:45:00 [scrapy.spidermiddlewares.httperror] INFO: Ignoring response <404 https://www.hemkop.se/c/hem-och-stad/disk-och-stad/maskindiskmedel?page=0&size=30&sort=topRated>: HTTP status code is not handled or not allowed
2025-09-30 20:45:01 [scrapy.spidermiddlewares.httperror] INFO: Ignoring response <404 https://www.hemkop.se/c/hem-och-stad/disk-och-stad/handdiskmedel?page=0&size=30&sort=topRated>: HTTP status code is not handled or not allowed
2025-09-30 20:45:02 [scrapy.spidermiddlewares.httperror] INFO: Ignoring response <404 https://www.hemkop.se/c/blommor-och-tradgard/ovriga-blomtillbehor?page=0&size=30&sort=topRated>: HTTP status code is not handled or not allowed
2025-09-30 20:45:03 [scrapy.spidermiddlewares.httperror] INFO: Ignoring response <404 https://www.hemkop.se/c/blommor-och-tradgard/vaxtnaring?page=0&size=30&sort=topRated>: HTTP status code is not handled or not allowed
2025-09-30 20:45:03 [scrapy.spidermiddlewares.httperror] INFO: Ignoring response <404 https://www.hemkop.se/c/blommor-och-tradgard/tradgardsartiklar?page=0&size=30&sort=topRated>: HTTP status code is not handled or not allowed
2025-09-30 20:45:04 [scrapy.spidermiddlewares.httperror] INFO: Ignoring response <404 https://www.hemkop.se/c/blommor-och-tradgard/jord?page=0&size=30&sort=topRated>: HTTP status code is not handled or not allowed
2025-09-30 20:45:05 [scrapy.spidermiddlewares.httperror] INFO: Ignoring response <404 https://www.hemkop.se/c/blommor-och-tradgard/blommor/uteplantering?page=0&size=30&sort=topRated>: HTTP status code is not handled or not allowed
2025-09-30 20:45:05 [scrapy.spidermiddlewares.httperror] INFO: Ignoring response <404 https://www.hemkop.se/c/blommor-och-tradgard/blommor/snittblommor?page=0&size=30&sort=topRated>: HTTP status code is not handled or not allowed
2025-09-30 20:45:06 [scrapy.spidermiddlewares.httperror] INFO: Ignoring response <404 https://www.hemkop.se/c/barn/barntillbehor?page=0&size=30&sort=topRated>: HTTP status code is not handled or not allowed
2025-09-30 20:45:07 [scrapy.spidermiddlewares.httperror] INFO: Ignoring response <404 https://www.hemkop.se/c/barn/nappar-och-nappflaskor?page=0&size=30&sort=topRated>: HTTP status code is not handled or not allowed
2025-09-30 20:45:07 [scrapy.spidermiddlewares.httperror] INFO: Ignoring response <404 https://www.hemkop.se/c/barn/bad-och-dusch?page=0&size=30&sort=topRated>: HTTP status code is not handled or not allowed
2025-09-30 20:45:08 [scrapy.spidermiddlewares.httperror] INFO: Ignoring response <404 https://www.hemkop.se/c/barn/barnvard?page=0&size=30&sort=topRated>: HTTP status code is not handled or not allowed
2025-09-30 20:45:08 [scrapy.spidermiddlewares.httperror] INFO: Ignoring response <404 https://www.hemkop.se/c/barn/blojor-?page=0&size=30&sort=topRated>: HTTP status code is not handled or not allowed
2025-09-30 20:45:10 [scrapy.spidermiddlewares.httperror] INFO: Ignoring response <404 https://www.hemkop.se/c/barn/valling-och-ersattning/valling-12-man?page=0&size=30&sort=topRated>: HTTP status code is not handled or not allowed
2025-09-30 20:45:10 [scrapy.spidermiddlewares.httperror] INFO: Ignoring response <404 https://www.hemkop.se/c/barn/valling-och-ersattning/valling?page=0&size=30&sort=topRated>: HTTP status code is not handled or not allowed
2025-09-30 20:45:11 [scrapy.spidermiddlewares.httperror] INFO: Ignoring response <404 https://www.hemkop.se/c/barn/valling-och-ersattning/mjolkersattning?page=0&size=30&sort=topRated>: HTTP status code is not handled or not allowed
2025-09-30 20:45:41 [scrapy.extensions.logstats] INFO: Crawled 895 pages (at 97 pages/min), scraped 748 items (at 41 items/min)
2025-09-30 20:46:41 [scrapy.extensions.logstats] INFO: Crawled 995 pages (at 100 pages/min), scraped 848 items (at 100 items/min)
2025-09-30 20:47:15 [scrapy.spidermiddlewares.httperror] INFO: Ignoring response <404 https://www.hemkop.se/c/fardigmat/efterratter/kylda-efterratter?page=0&size=30&sort=topRated>: HTTP status code is not handled or not allowed
2025-09-30 20:47:16 [scrapy.spidermiddlewares.httperror] INFO: Ignoring response <404 https://www.hemkop.se/c/fardigmat/grot?page=0&size=30&sort=topRated>: HTTP status code is not handled or not allowed
2025-09-30 20:47:17 [scrapy.spidermiddlewares.httperror] INFO: Ignoring response <404 https://www.hemkop.se/c/fardigmat/vegetariskt/fryst-vegetariskt?page=0&size=30&sort=topRated>: HTTP status code is not handled or not allowed
2025-09-30 20:47:17 [scrapy.spidermiddlewares.httperror] INFO: Ignoring response <404 https://www.hemkop.se/c/fardigmat/vegetariskt/kylt-vegetariskt-?page=0&size=30&sort=topRated>: HTTP status code is not handled or not allowed
2025-09-30 20:47:20 [scrapy.spidermiddlewares.httperror] INFO: Ignoring response <404 https://www.hemkop.se/c/fardigmat/smorgasar-och-sallader/smorgasar-och-baguetter?page=0&size=30&sort=topRated>: HTTP status code is not handled or not allowed
2025-09-30 20:47:21 [scrapy.spidermiddlewares.httperror] INFO: Ignoring response <404 https://www.hemkop.se/c/fardigmat/smorgasar-och-sallader/sallader?page=0&size=30&sort=topRated>: HTTP status code is not handled or not allowed
2025-09-30 20:47:21 [scrapy.spidermiddlewares.httperror] INFO: Ignoring response <404 https://www.hemkop.se/c/fardigmat/saser-grytbaser-och-ovriga-smaksattare/kylda-saser?page=0&size=30&sort=topRated>: HTTP status code is not handled or not allowed
2025-09-30 20:47:22 [scrapy.spidermiddlewares.httperror] INFO: Ignoring response <404 https://www.hemkop.se/c/fardigmat/saser-grytbaser-och-ovriga-smaksattare/dressing-och-ovriga-smaksattare?page=0&size=30&sort=topRated>: HTTP status code is not handled or not allowed
2025-09-30 20:47:23 [scrapy.spidermiddlewares.httperror] INFO: Ignoring response <404 https://www.hemkop.se/c/fardigmat/gratang-och-roror-mm/kramiga-sallader?page=0&size=30&sort=topRated>: HTTP status code is not handled or not allowed
2025-09-30 20:47:24 [scrapy.spidermiddlewares.httperror] INFO: Ignoring response <404 https://www.hemkop.se/c/fardigmat/gratang-och-roror-mm/gratanger?page=0&size=30&sort=topRated>: HTTP status code is not handled or not allowed
2025-09-30 20:47:24 [scrapy.spidermiddlewares.httperror] INFO: Ignoring response <404 https://www.hemkop.se/c/fardigmat/farsk-pasta/pasta?page=0&size=30&sort=topRated>: HTTP status code is not handled or not allowed
2025-09-30 20:47:25 [scrapy.spidermiddlewares.httperror] INFO: Ignoring response <404 https://www.hemkop.se/c/fardigmat/farsk-pasta/fylld-pasta?page=0&size=30&sort=topRated>: HTTP status code is not handled or not allowed
2025-09-30 20:47:26 [scrapy.spidermiddlewares.httperror] INFO: Ignoring response <404 https://www.hemkop.se/c/fardigmat/pizza-paj-och-piroger-mm/frysta-pizzor-pajer-och-piroger-mm?page=0&size=30&sort=topRated>: HTTP status code is not handled or not allowed
2025-09-30 20:47:26 [scrapy.spidermiddlewares.httperror] INFO: Ignoring response <404 https://www.hemkop.se/c/fardigmat/pizza-paj-och-piroger-mm/kylda-pizzor-pajer-och-piroger-mm?page=0&size=30&sort=topRated>: HTTP status code is not handled or not allowed
2025-09-30 20:47:27 [scrapy.spidermiddlewares.httperror] INFO: Ignoring response <404 https://www.hemkop.se/c/fardigmat/pulled-pork-pulled-chicken-mm?page=0&size=30&sort=topRated>: HTTP status code is not handled or not allowed
2025-09-30 20:47:27 [scrapy.spidermiddlewares.httperror] INFO: Ignoring response <404 https://www.hemkop.se/c/fardigmat/kottbullar-och-farsprodukter/frysta-kottbullar-och-farsprodukter?page=0&size=30&sort=topRated>: HTTP status code is not handled or not allowed
2025-09-30 20:47:28 [scrapy.spidermiddlewares.httperror] INFO: Ignoring response <404 https://www.hemkop.se/c/fardigmat/kottbullar-och-farsprodukter/kylda-kottbullar-och-farsprodukter?page=0&size=30&sort=topRated>: HTTP status code is not handled or not allowed
2025-09-30 20:47:28 [scrapy.spidermiddlewares.httperror] INFO: Ignoring response <404 https://www.hemkop.se/c/fardigmat/portionsratter-och-snabblagat/frysta-flerportioner?page=0&size=30&sort=topRated>: HTTP status code is not handled or not allowed
2025-09-30 20:47:29 [scrapy.spidermiddlewares.httperror] INFO: Ignoring response <404 https://www.hemkop.se/c/fardigmat/portionsratter-och-snabblagat/frysta-enportioner?page=0&size=30&sort=topRated>: HTTP status code is not handled or not allowed
2025-09-30 20:47:30 [scrapy.spidermiddlewares.httperror] INFO: Ignoring response <404 https://www.hemkop.se/c/fardigmat/portionsratter-och-snabblagat/kylda-ratter?page=0&size=30&sort=topRated>: HTTP status code is not handled or not allowed
2025-09-30 20:47:30 [scrapy.spidermiddlewares.httperror] INFO: Ignoring response <404 https://www.hemkop.se/c/fardigmat/portionsratter-och-snabblagat/fardiga-soppor-och-grytor?page=0&size=30&sort=topRated>: HTTP status code is not handled or not allowed
2025-09-30 20:47:31 [scrapy.spidermiddlewares.httperror] INFO: Ignoring response <404 https://www.hemkop.se/c/dryck/vin-lagalkohol?page=0&size=30&sort=topRated>: HTTP status code is not handled or not allowed
2025-09-30 20:47:32 [scrapy.spidermiddlewares.httperror] INFO: Ignoring response <404 https://www.hemkop.se/c/dryck/drinkmix-och-koncentrat/mixers?page=0&size=30&sort=topRated>: HTTP status code is not handled or not allowed
2025-09-30 20:47:32 [scrapy.spidermiddlewares.httperror] INFO: Ignoring response <404 https://www.hemkop.se/c/dryck/drinkmix-och-koncentrat/koncentrat?page=0&size=30&sort=topRated>: HTTP status code is not handled or not allowed
2025-09-30 20:47:33 [scrapy.spidermiddlewares.httperror] INFO: Ignoring response <404 https://www.hemkop.se/c/dryck/saft-och-stilldrinks/stilldrinks?page=0&size=30&sort=topRated>: HTTP status code is not handled or not allowed
2025-09-30 20:47:34 [scrapy.spidermiddlewares.httperror] INFO: Ignoring response <404 https://www.hemkop.se/c/dryck/saft-och-stilldrinks/saft?page=0&size=30&sort=topRated>: HTTP status code is not handled or not allowed
2025-09-30 20:47:35 [scrapy.spidermiddlewares.httperror] INFO: Ignoring response <404 https://www.hemkop.se/c/dryck/ol-och-cider/ol-3-5procent?page=0&size=30&sort=topRated>: HTTP status code is not handled or not allowed
2025-09-30 20:47:36 [scrapy.spidermiddlewares.httperror] INFO: Ignoring response <404 https://www.hemkop.se/c/dryck/ol-och-cider/ol-2-8procent?page=0&size=30&sort=topRated>: HTTP status code is not handled or not allowed
2025-09-30 20:47:37 [scrapy.spidermiddlewares.httperror] INFO: Ignoring response <404 https://www.hemkop.se/c/dryck/ol-och-cider/lattol-och-alkoholfritt?page=0&size=30&sort=topRated>: HTTP status code is not handled or not allowed
2025-09-30 20:47:41 [scrapy.extensions.logstats] INFO: Crawled 1094 pages (at 99 pages/min), scraped 913 items (at 65 items/min)
2025-09-30 20:48:30 [scrapy.spidermiddlewares.httperror] INFO: Ignoring response <404 https://www.hemkop.se/c/dryck/ol-och-cider/cider?page=0&size=30&sort=topRated>: HTTP status code is not handled or not allowed
2025-09-30 20:48:31 [scrapy.spidermiddlewares.httperror] INFO: Ignoring response <404 https://www.hemkop.se/c/dryck/sport-och-energidryck/sport-och-aterhamtning?page=0&size=30&sort=topRated>: HTTP status code is not handled or not allowed
2025-09-30 20:48:34 [scrapy.spidermiddlewares.httperror] INFO: Ignoring response <404 https://www.hemkop.se/c/dryck/juice-fruktdryck-och-smoothie/smoothies?page=0&size=30&sort=topRated>: HTTP status code is not handled or not allowed
2025-09-30 20:48:34 [scrapy.spidermiddlewares.httperror] INFO: Ignoring response <404 https://www.hemkop.se/c/dryck/juice-fruktdryck-och-smoothie/kyld-juice-och-nektar?page=0&size=30&sort=topRated>: HTTP status code is not handled or not allowed
2025-09-30 20:48:41 [scrapy.extensions.logstats] INFO: Crawled 1192 pages (at 98 pages/min), scraped 998 items (at 85 items/min)
2025-09-30 20:49:41 [scrapy.extensions.logstats] INFO: Crawled 1291 pages (at 99 pages/min), scraped 1095 items (at 97 items/min)
2025-09-30 20:50:41 [scrapy.extensions.logstats] INFO: Crawled 1391 pages (at 100 pages/min), scraped 1195 items (at 100 items/min)
2025-09-30 20:51:41 [scrapy.extensions.logstats] INFO: Crawled 1486 pages (at 95 pages/min), scraped 1290 items (at 95 items/min)
2025-09-30 20:51:44 [scrapy.spidermiddlewares.httperror] INFO: Ignoring response <404 https://www.hemkop.se/c/dryck/juice-fruktdryck-och-smoothie/kyld-fruktdryck?page=0&size=30&sort=topRated>: HTTP status code is not handled or not allowed
2025-09-30 20:51:45 [scrapy.spidermiddlewares.httperror] INFO: Ignoring response <404 https://www.hemkop.se/c/dryck/juice-fruktdryck-och-smoothie/ej-kyld-juice-och-nektar?page=0&size=30&sort=topRated>: HTTP status code is not handled or not allowed
2025-09-30 20:51:45 [scrapy.spidermiddlewares.httperror] INFO: Ignoring response <404 https://www.hemkop.se/c/dryck/juice-fruktdryck-och-smoothie/ej-kyld-fruktdryck?page=0&size=30&sort=topRated>: HTTP status code is not handled or not allowed
2025-09-30 20:51:46 [scrapy.spidermiddlewares.httperror] INFO: Ignoring response <404 https://www.hemkop.se/c/dryck/te-och-choklad/smaksattning?page=0&size=30&sort=topRated>: HTTP status code is not handled or not allowed
2025-09-30 20:51:47 [scrapy.spidermiddlewares.httperror] INFO: Ignoring response <404 https://www.hemkop.se/c/dryck/te-och-choklad/chokladdryck?page=0&size=30&sort=topRated>: HTTP status code is not handled or not allowed
2025-09-30 20:51:48 [scrapy.spidermiddlewares.httperror] INFO: Ignoring response <404 https://www.hemkop.se/c/dryck/te-och-choklad/te?page=0&size=30&sort=topRated>: HTTP status code is not handled or not allowed
2025-09-30 20:51:48 [scrapy.spidermiddlewares.httperror] INFO: Ignoring response <404 https://www.hemkop.se/c/dryck/kaffe/kaffefilter?page=0&size=30&sort=topRated>: HTTP status code is not handled or not allowed
2025-09-30 20:51:49 [scrapy.spidermiddlewares.httperror] INFO: Ignoring response <404 https://www.hemkop.se/c/dryck/kaffe/snabbkaffe?page=0&size=30&sort=topRated>: HTTP status code is not handled or not allowed
2025-09-30 20:51:49 [scrapy.spidermiddlewares.httperror] INFO: Ignoring response <404 https://www.hemkop.se/c/dryck/kaffe/kapslar?page=0&size=30&sort=topRated>: HTTP status code is not handled or not allowed
2025-09-30 20:51:50 [scrapy.spidermiddlewares.httperror] INFO: Ignoring response <404 https://www.hemkop.se/c/dryck/kaffe/hela-bonor?page=0&size=30&sort=topRated>: HTTP status code is not handled or not allowed
2025-09-30 20:51:50 [scrapy.spidermiddlewares.httperror] INFO: Ignoring response <404 https://www.hemkop.se/c/dryck/kaffe/bonkaffe?page=0&size=30&sort=topRated>: HTTP status code is not handled or not allowed
2025-09-30 20:51:51 [scrapy.spidermiddlewares.httperror] INFO: Ignoring response <404 https://www.hemkop.se/c/glass-godis-och-snacks/halstabletter?page=0&size=30&sort=topRated>: HTTP status code is not handled or not allowed
2025-09-30 20:51:52 [scrapy.spidermiddlewares.httperror] INFO: Ignoring response <404 https://www.hemkop.se/c/glass-godis-och-snacks/tuggummi?page=0&size=30&sort=topRated>: HTTP status code is not handled or not allowed
2025-09-30 20:51:52 [scrapy.spidermiddlewares.httperror] INFO: Ignoring response <404 https://www.hemkop.se/c/glass-godis-och-snacks/glass-och-tillbehor/tillbehor?page=0&size=30&sort=topRated>: HTTP status code is not handled or not allowed
2025-09-30 20:51:53 [scrapy.spidermiddlewares.httperror] INFO: Ignoring response <404 https://www.hemkop.se/c/glass-godis-och-snacks/glass-och-tillbehor/is-och-storpack?page=0&size=30&sort=topRated>: HTTP status code is not handled or not allowed
2025-09-30 20:51:54 [scrapy.spidermiddlewares.httperror] INFO: Ignoring response <404 https://www.hemkop.se/c/glass-godis-och-snacks/glass-och-tillbehor/glasstartor?page=0&size=30&sort=topRated>: HTTP status code is not handled or not allowed
2025-09-30 20:51:54 [scrapy.spidermiddlewares.httperror] INFO: Ignoring response <404 https://www.hemkop.se/c/glass-godis-och-snacks/glass-och-tillbehor/glasspaket?page=0&size=30&sort=topRated>: HTTP status code is not handled or not allowed
2025-09-30 20:51:55 [scrapy.spidermiddlewares.httperror] INFO: Ignoring response <404 https://www.hemkop.se/c/glass-godis-och-snacks/glass-och-tillbehor/flerpack?page=0&size=30&sort=topRated>: HTTP status code is not handled or not allowed
2025-09-30 20:51:55 [scrapy.spidermiddlewares.httperror] INFO: Ignoring response <404 https://www.hemkop.se/c/glass-godis-och-snacks/glass-och-tillbehor/styckglass?page=0&size=30&sort=topRated>: HTTP status code is not handled or not allowed
2025-09-30 20:51:56 [scrapy.spidermiddlewares.httperror] INFO: Ignoring response <404 https://www.hemkop.se/c/glass-godis-och-snacks/nyttiga-snacks?page=0&size=30&sort=topRated>: HTTP status code is not handled or not allowed
2025-09-30 20:51:57 [scrapy.spidermiddlewares.httperror] INFO: Ignoring response <404 https://www.hemkop.se/c/glass-godis-och-snacks/chips-snacks-och-dip/popcorn-och-salta-pinnar?page=0&size=30&sort=topRated>: HTTP status code is not handled or not allowed
2025-09-30 20:51:57 [scrapy.spidermiddlewares.httperror] INFO: Ignoring response <404 https://www.hemkop.se/c/glass-godis-och-snacks/chips-snacks-och-dip/ostbagar-och-former?page=0&size=30&sort=topRated>: HTTP status code is not handled or not allowed
2025-09-30 20:51:58 [scrapy.spidermiddlewares.httperror] INFO: Ignoring response <404 https://www.hemkop.se/c/glass-godis-och-snacks/chips-snacks-och-dip/notter-och-tilltugg?page=0&size=30&sort=topRated>: HTTP status code is not handled or not allowed
2025-09-30 20:51:58 [scrapy.spidermiddlewares.httperror] INFO: Ignoring response <404 https://www.hemkop.se/c/glass-godis-och-snacks/chips-snacks-och-dip/dipmix?page=0&size=30&sort=topRated>: HTTP status code is not handled or not allowed
2025-09-30 20:51:59 [scrapy.spidermiddlewares.httperror] INFO: Ignoring response <404 https://www.hemkop.se/c/glass-godis-och-snacks/chips-snacks-och-dip/chips?page=0&size=30&sort=topRated>: HTTP status code is not handled or not allowed
2025-09-30 20:52:00 [scrapy.spidermiddlewares.httperror] INFO: Ignoring response <404 https://www.hemkop.se/c/glass-godis-och-snacks/presentforpackningar?page=0&size=30&sort=topRated>: HTTP status code is not handled or not allowed
2025-09-30 20:52:00 [scrapy.spidermiddlewares.httperror] INFO: Ignoring response <404 https://www.hemkop.se/c/glass-godis-och-snacks/choklad/chokladpasar?page=0&size=30&sort=topRated>: HTTP status code is not handled or not allowed
2025-09-30 20:52:01 [scrapy.spidermiddlewares.httperror] INFO: Ignoring response <404 https://www.hemkop.se/c/glass-godis-och-snacks/choklad/chokladkakor-och-rullar?page=0&size=30&sort=topRated>: HTTP status code is not handled or not allowed
2025-09-30 20:52:02 [scrapy.spidermiddlewares.httperror] INFO: Ignoring response <404 https://www.hemkop.se/c/glass-godis-och-snacks/godis/presentforpackningar?page=0&size=30&sort=topRated>: HTTP status code is not handled or not allowed
2025-09-30 20:52:02 [scrapy.spidermiddlewares.httperror] INFO: Ignoring response <404 https://www.hemkop.se/c/glass-godis-och-snacks/godis/lakrits?page=0&size=30&sort=topRated>: HTTP status code is not handled or not allowed
2025-09-30 20:52:03 [scrapy.spidermiddlewares.httperror] INFO: Ignoring response <404 https://www.hemkop.se/c/glass-godis-och-snacks/godis/godispasar?page=0&size=30&sort=topRated>: HTTP status code is not handled or not allowed
2025-09-30 20:52:04 [scrapy.spidermiddlewares.httperror] INFO: Ignoring response <404 https://www.hemkop.se/c/glass-godis-och-snacks/godis/barngodis?page=0&size=30&sort=topRated>: HTTP status code is not handled or not allowed
2025-09-30 20:52:06 [scrapy.spidermiddlewares.httperror] INFO: Ignoring response <404 https://www.hemkop.se/c/vegetariskt/palagg-och-ost?page=0&size=30&sort=topRated>: HTTP status code is not handled or not allowed
2025-09-30 20:52:07 [scrapy.spidermiddlewares.httperror] INFO: Ignoring response <404 https://www.hemkop.se/c/vegetariskt/snabblagat?page=0&size=30&sort=topRated>: HTTP status code is not handled or not allowed
2025-09-30 20:52:41 [scrapy.extensions.logstats] INFO: Crawled 1582 pages (at 96 pages/min), scraped 1348 items (at 58 items/min)
2025-09-30 20:52:54 [scrapy.spidermiddlewares.httperror] INFO: Ignoring response <404 https://www.hemkop.se/c/fisk-och-skaldjur/palagg?page=0&size=30&sort=topRated>: HTTP status code is not handled or not allowed
2025-09-30 20:52:56 [scrapy.spidermiddlewares.httperror] INFO: Ignoring response <404 https://www.hemkop.se/c/fisk-och-skaldjur/sill-ansjovis-och-sardiner/ansjovis?page=0&size=30&sort=topRated>: HTTP status code is not handled or not allowed
2025-09-30 20:52:56 [scrapy.spidermiddlewares.httperror] INFO: Ignoring response <404 https://www.hemkop.se/c/fisk-och-skaldjur/kaviar-och-rom/rom?page=0&size=30&sort=topRated>: HTTP status code is not handled or not allowed
2025-09-30 20:53:31 [scrapy.spidermiddlewares.httperror] INFO: Ignoring response <404 https://www.hemkop.se/c/fisk-och-skaldjur/lakeprodukter?page=0&size=30&sort=topRated>: HTTP status code is not handled or not allowed
2025-09-30 20:53:31 [scrapy.spidermiddlewares.httperror] INFO: Ignoring response <404 https://www.hemkop.se/c/fisk-och-skaldjur/skaldjur-och-havsdelikatesser/frysta-skaldjur-och-havsdelikatesser?page=0&size=30&sort=topRated>: HTTP status code is not handled or not allowed
2025-09-30 20:53:32 [scrapy.spidermiddlewares.httperror] INFO: Ignoring response <404 https://www.hemkop.se/c/fisk-och-skaldjur/skaldjur-och-havsdelikatesser/kylda-skaldjur-och-havsdelikatesser?page=0&size=30&sort=topRated>: HTTP status code is not handled or not allowed
2025-09-30 20:53:41 [scrapy.extensions.logstats] INFO: Crawled 1678 pages (at 96 pages/min), scraped 1431 items (at 83 items/min)
2025-09-30 20:54:04 [scrapy.spidermiddlewares.httperror] INFO: Ignoring response <404 https://www.hemkop.se/c/fisk-och-skaldjur/fisk/rokt-och-gravat?page=0&size=30&sort=topRated>: HTTP status code is not handled or not allowed
2025-09-30 20:54:05 [scrapy.spidermiddlewares.httperror] INFO: Ignoring response <404 https://www.hemkop.se/c/fisk-och-skaldjur/fisk/kyld-fisk?page=0&size=30&sort=topRated>: HTTP status code is not handled or not allowed
2025-09-30 20:54:06 [scrapy.spidermiddlewares.httperror] INFO: Ignoring response <404 https://www.hemkop.se/c/fryst/allergi-fryst?page=0&size=30&sort=topRated>: HTTP status code is not handled or not allowed
2025-09-30 20:54:06 [scrapy.spidermiddlewares.httperror] INFO: Ignoring response <404 https://www.hemkop.se/c/fryst/glass/premiumglass?page=0&size=30&sort=topRated>: HTTP status code is not handled or not allowed
2025-09-30 20:54:09 [scrapy.spidermiddlewares.httperror] INFO: Ignoring response <404 https://www.hemkop.se/c/fryst/glass/flerpack-och-styckglass?page=0&size=30&sort=topRated>: HTTP status code is not handled or not allowed
2025-09-30 20:54:41 [scrapy.extensions.logstats] INFO: Crawled 1779 pages (at 101 pages/min), scraped 1517 items (at 86 items/min)
2025-09-30 20:55:41 [scrapy.extensions.logstats] INFO: Crawled 1875 pages (at 96 pages/min), scraped 1614 items (at 97 items/min)
2025-09-30 20:56:08 [scrapy.spidermiddlewares.httperror] INFO: Ignoring response <404 https://www.hemkop.se/c/fryst/vegetariskt?page=0&size=30&sort=topRated>: HTTP status code is not handled or not allowed
2025-09-30 20:56:08 [scrapy.spidermiddlewares.httperror] INFO: Ignoring response <404 https://www.hemkop.se/c/fryst/bageri/desserter-och-deg?page=0&size=30&sort=topRated>: HTTP status code is not handled or not allowed
2025-09-30 20:56:09 [scrapy.spidermiddlewares.httperror] INFO: Ignoring response <404 https://www.hemkop.se/c/fryst/bageri/brod-och-fikabrod?page=0&size=30&sort=topRated>: HTTP status code is not handled or not allowed
2025-09-30 20:56:09 [scrapy.spidermiddlewares.httperror] INFO: Ignoring response <404 https://www.hemkop.se/c/fryst/gronsaker-och-kryddor/wok?page=0&size=30&sort=topRated>: HTTP status code is not handled or not allowed
2025-09-30 20:56:10 [scrapy.spidermiddlewares.httperror] INFO: Ignoring response <404 https://www.hemkop.se/c/fryst/gronsaker-och-kryddor/kryddor?page=0&size=30&sort=topRated>: HTTP status code is not handled or not allowed
2025-09-30 20:56:11 [scrapy.spidermiddlewares.httperror] INFO: Ignoring response <404 https://www.hemkop.se/c/fryst/gronsaker-och-kryddor/gronsaker?page=0&size=30&sort=topRated>: HTTP status code is not handled or not allowed
2025-09-30 20:56:11 [scrapy.spidermiddlewares.httperror] INFO: Ignoring response <404 https://www.hemkop.se/c/fryst/potatis/pommes-frites-och-strips?page=0&size=30&sort=topRated>: HTTP status code is not handled or not allowed
2025-09-30 20:56:12 [scrapy.spidermiddlewares.httperror] INFO: Ignoring response <404 https://www.hemkop.se/c/fryst/potatis/klyftpotatis-mm?page=0&size=30&sort=topRated>: HTTP status code is not handled or not allowed
2025-09-30 20:56:12 [scrapy.spidermiddlewares.httperror] INFO: Ignoring response <404 https://www.hemkop.se/c/fryst/portionsratter-och-snabblagat/allergi-fryst?page=0&size=30&sort=topRated>: HTTP status code is not handled or not allowed
2025-09-30 20:56:13 [scrapy.spidermiddlewares.httperror] INFO: Ignoring response <404 https://www.hemkop.se/c/fryst/fardigmat/ovrig-fardigmat?page=0&size=30&sort=topRated>: HTTP status code is not handled or not allowed
2025-09-30 20:56:13 [scrapy.spidermiddlewares.httperror] INFO: Ignoring response <404 https://www.hemkop.se/c/fryst/fardigmat/varrullar-och-kaldolmar?page=0&size=30&sort=topRated>: HTTP status code is not handled or not allowed
2025-09-30 20:56:14 [scrapy.spidermiddlewares.httperror] INFO: Ignoring response <404 https://www.hemkop.se/c/fryst/fardigmat/pytt-i-panna?page=0&size=30&sort=topRated>: HTTP status code is not handled or not allowed
2025-09-30 20:56:15 [scrapy.spidermiddlewares.httperror] INFO: Ignoring response <404 https://www.hemkop.se/c/fryst/fardigmat/pizza-paj-och-piroger?page=0&size=30&sort=topRated>: HTTP status code is not handled or not allowed
2025-09-30 20:56:15 [scrapy.spidermiddlewares.httperror] INFO: Ignoring response <404 https://www.hemkop.se/c/fryst/fardigmat/pannkakor-och-crepes?page=0&size=30&sort=topRated>: HTTP status code is not handled or not allowed
2025-09-30 20:56:16 [scrapy.spidermiddlewares.httperror] INFO: Ignoring response <404 https://www.hemkop.se/c/fryst/fardigmat/lasagne-och-pasta?page=0&size=30&sort=topRated>: HTTP status code is not handled or not allowed
2025-09-30 20:56:16 [scrapy.spidermiddlewares.httperror] INFO: Ignoring response <404 https://www.hemkop.se/c/fryst/fardigmat/kott-burgare-och-korv-mm?page=0&size=30&sort=topRated>: HTTP status code is not handled or not allowed
2025-09-30 20:56:17 [scrapy.spidermiddlewares.httperror] INFO: Ignoring response <404 https://www.hemkop.se/c/fryst/fardigmat/gratanger?page=0&size=30&sort=topRated>: HTTP status code is not handled or not allowed
2025-09-30 20:56:18 [scrapy.spidermiddlewares.httperror] INFO: Ignoring response <404 https://www.hemkop.se/c/fryst/fardigmat/fardigmat-enportioner?page=0&size=30&sort=topRated>: HTTP status code is not handled or not allowed
2025-09-30 20:56:19 [scrapy.spidermiddlewares.httperror] INFO: Ignoring response <404 https://www.hemkop.se/c/fryst/fisk-och-skaldjur/rakor?page=0&size=30&sort=topRated>: HTTP status code is not handled or not allowed
2025-09-30 20:56:20 [scrapy.spidermiddlewares.httperror] INFO: Ignoring response <404 https://www.hemkop.se/c/fryst/fisk-och-skaldjur/panerad?page=0&size=30&sort=topRated>: HTTP status code is not handled or not allowed
2025-09-30 20:56:21 [scrapy.spidermiddlewares.httperror] INFO: Ignoring response <404 https://www.hemkop.se/c/fryst/kott-burgare-och-korv-mm/ovrigt-kott?page=0&size=30&sort=topRated>: HTTP status code is not handled or not allowed
2025-09-30 20:56:37 [scrapy.spidermiddlewares.httperror] INFO: Ignoring response <404 https://www.hemkop.se/c/fryst/kott-burgare-och-korv-mm/kottbullar-och-farsprodukter?page=0&size=30&sort=topRated>: HTTP status code is not handled or not allowed
2025-09-30 20:56:38 [scrapy.spidermiddlewares.httperror] INFO: Ignoring response <404 https://www.hemkop.se/c/fryst/kott-burgare-och-korv-mm/korv?page=0&size=30&sort=topRated>: HTTP status code is not handled or not allowed
2025-09-30 20:56:38 [scrapy.spidermiddlewares.httperror] INFO: Ignoring response <404 https://www.hemkop.se/c/fryst/kott-burgare-och-korv-mm/burgare?page=0&size=30&sort=topRated>: HTTP status code is not handled or not allowed
2025-09-30 20:56:39 [scrapy.spidermiddlewares.httperror] INFO: Ignoring response <404 https://www.hemkop.se/c/fryst/kott-och-fagel/not-och-kalv?page=0&size=30&sort=topRated>: HTTP status code is not handled or not allowed
2025-09-30 20:56:39 [scrapy.spidermiddlewares.httperror] INFO: Ignoring response <404 https://www.hemkop.se/c/fryst/kott-och-fagel/lamm-och-vilt?page=0&size=30&sort=topRated>: HTTP status code is not handled or not allowed
2025-09-30 20:56:40 [scrapy.spidermiddlewares.httperror] INFO: Ignoring response <404 https://www.hemkop.se/c/fryst/kott-och-fagel/fagel?page=0&size=30&sort=topRated>: HTTP status code is not handled or not allowed
2025-09-30 20:56:41 [scrapy.spidermiddlewares.httperror] INFO: Ignoring response <404 https://www.hemkop.se/c/fryst/kott-och-fagel/flask?page=0&size=30&sort=topRated>: HTTP status code is not handled or not allowed
2025-09-30 20:56:41 [scrapy.spidermiddlewares.httperror] INFO: Ignoring response <404 https://www.hemkop.se/c/brod-och-kakor/frysta-brod-och-kakor/brod-och-fikabrod-allergi?page=0&size=30&sort=topRated>: HTTP status code is not handled or not allowed
2025-09-30 20:56:41 [scrapy.extensions.logstats] INFO: Crawled 1973 pages (at 98 pages/min), scraped 1680 items (at 66 items/min)
2025-09-30 20:56:42 [scrapy.spidermiddlewares.httperror] INFO: Ignoring response <404 https://www.hemkop.se/c/brod-och-kakor/frysta-brod-och-kakor/brod-och-fikabrod?page=0&size=30&sort=topRated>: HTTP status code is not handled or not allowed
2025-09-30 20:56:43 [scrapy.spidermiddlewares.httperror] INFO: Ignoring response <404 https://www.hemkop.se/c/brod-och-kakor/kondis-och-fika/konditori?page=0&size=30&sort=topRated>: HTTP status code is not handled or not allowed
2025-09-30 20:56:44 [scrapy.spidermiddlewares.httperror] INFO: Ignoring response <404 https://www.hemkop.se/c/brod-och-kakor/kex-och-kakor/sota-kex-och-kakor?page=0&size=30&sort=topRated>: HTTP status code is not handled or not allowed
2025-09-30 20:56:45 [scrapy.spidermiddlewares.httperror] INFO: Ignoring response <404 https://www.hemkop.se/c/brod-och-kakor/kex-och-kakor/ris-och-majskakor?page=0&size=30&sort=topRated>: HTTP status code is not handled or not allowed
2025-09-30 20:57:06 [scrapy.spidermiddlewares.httperror] INFO: Ignoring response <404 https://www.hemkop.se/c/brod-och-kakor/kex-och-kakor/matkex?page=0&size=30&sort=topRated>: HTTP status code is not handled or not allowed
2025-09-30 20:57:07 [scrapy.spidermiddlewares.httperror] INFO: Ignoring response <404 https://www.hemkop.se/c/brod-och-kakor/fastfoodbrod/pitabrod-mm?page=0&size=30&sort=topRated>: HTTP status code is not handled or not allowed
2025-09-30 20:57:08 [scrapy.spidermiddlewares.httperror] INFO: Ignoring response <404 https://www.hemkop.se/c/brod-och-kakor/fastfoodbrod/korvbrod?page=0&size=30&sort=topRated>: HTTP status code is not handled or not allowed
2025-09-30 20:57:08 [scrapy.spidermiddlewares.httperror] INFO: Ignoring response <404 https://www.hemkop.se/c/brod-och-kakor/fastfoodbrod/hamburgerbrod?page=0&size=30&sort=topRated>: HTTP status code is not handled or not allowed
2025-09-30 20:57:41 [scrapy.extensions.logstats] INFO: Crawled 2077 pages (at 104 pages/min), scraped 1765 items (at 85 items/min)
2025-09-30 20:58:41 [scrapy.extensions.logstats] INFO: Crawled 2171 pages (at 94 pages/min), scraped 1860 items (at 95 items/min)
2025-09-30 20:58:49 [scrapy.spidermiddlewares.httperror] INFO: Ignoring response <404 https://www.hemkop.se/c/skafferi/torr-fardigmat?page=0&size=30&sort=topRated>: HTTP status code is not handled or not allowed
2025-09-30 20:58:50 [scrapy.spidermiddlewares.httperror] INFO: Ignoring response <404 https://www.hemkop.se/c/skafferi/glutenfritt/glutenfritt-ovrigt?page=0&size=30&sort=topRated>: HTTP status code is not handled or not allowed
2025-09-30 20:59:38 [scrapy.spidermiddlewares.httperror] INFO: Ignoring response <404 https://www.hemkop.se/c/skafferi/glutenfritt/glutenfria-gryner-och-bakning?page=0&size=30&sort=topRated>: HTTP status code is not handled or not allowed
2025-09-30 20:59:38 [scrapy.spidermiddlewares.httperror] INFO: Ignoring response <404 https://www.hemkop.se/c/skafferi/glutenfritt/glutenfria-flingor-och-musli?page=0&size=30&sort=topRated>: HTTP status code is not handled or not allowed
2025-09-30 20:59:39 [scrapy.spidermiddlewares.httperror] INFO: Ignoring response <404 https://www.hemkop.se/c/skafferi/glutenfritt/glutenfria-brod-kex-och-kakor?page=0&size=30&sort=topRated>: HTTP status code is not handled or not allowed
2025-09-30 20:59:40 [scrapy.spidermiddlewares.httperror] INFO: Ignoring response <404 https://www.hemkop.se/c/skafferi/glutenfritt/glutenfri-pasta?page=0&size=30&sort=topRated>: HTTP status code is not handled or not allowed
2025-09-30 20:59:40 [scrapy.spidermiddlewares.httperror] INFO: Ignoring response <404 https://www.hemkop.se/c/skafferi/torkad-frukt?page=0&size=30&sort=topRated>: HTTP status code is not handled or not allowed
2025-09-30 20:59:41 [scrapy.spidermiddlewares.httperror] INFO: Ignoring response <404 https://www.hemkop.se/c/skafferi/desserter-och-glasstillbehor/glasstillbehor?page=0&size=30&sort=topRated>: HTTP status code is not handled or not allowed
2025-09-30 20:59:41 [scrapy.extensions.logstats] INFO: Crawled 2272 pages (at 101 pages/min), scraped 1948 items (at 88 items/min)
2025-09-30 20:59:41 [scrapy.spidermiddlewares.httperror] INFO: Ignoring response <404 https://www.hemkop.se/c/skafferi/desserter-och-glasstillbehor/fruktkonserver?page=0&size=30&sort=topRated>: HTTP status code is not handled or not allowed
2025-09-30 20:59:42 [scrapy.spidermiddlewares.httperror] INFO: Ignoring response <404 https://www.hemkop.se/c/skafferi/desserter-och-glasstillbehor/desserter?page=0&size=30&sort=topRated>: HTTP status code is not handled or not allowed
2025-09-30 20:59:44 [scrapy.spidermiddlewares.httperror] INFO: Ignoring response <404 https://www.hemkop.se/c/skafferi/soppor-och-kramer/kram?page=0&size=30&sort=topRated>: HTTP status code is not handled or not allowed
2025-09-30 20:59:44 [scrapy.spidermiddlewares.httperror] INFO: Ignoring response <404 https://www.hemkop.se/c/skafferi/sylt-mos-och-marmelad/appelmos?page=0&size=30&sort=topRated>: HTTP status code is not handled or not allowed
2025-09-30 20:59:45 [scrapy.spidermiddlewares.httperror] INFO: Ignoring response <404 https://www.hemkop.se/c/skafferi/sylt-mos-och-marmelad/sylt?page=0&size=30&sort=topRated>: HTTP status code is not handled or not allowed
2025-09-30 20:59:45 [scrapy.spidermiddlewares.httperror] INFO: Ignoring response <404 https://www.hemkop.se/c/skafferi/sylt-mos-och-marmelad/marmelad?page=0&size=30&sort=topRated>: HTTP status code is not handled or not allowed
2025-09-30 21:00:27 [scrapy.spidermiddlewares.httperror] INFO: Ignoring response <404 https://www.hemkop.se/c/skafferi/sylt-mos-och-marmelad/gele?page=0&size=30&sort=topRated>: HTTP status code is not handled or not allowed
2025-09-30 21:00:28 [scrapy.spidermiddlewares.httperror] INFO: Ignoring response <404 https://www.hemkop.se/c/skafferi/flingor-gryner-och-musli/gryner-och-grot?page=0&size=30&sort=topRated>: HTTP status code is not handled or not allowed
2025-09-30 21:00:29 [scrapy.spidermiddlewares.httperror] INFO: Ignoring response <404 https://www.hemkop.se/c/skafferi/flingor-gryner-och-musli/granola?page=0&size=30&sort=topRated>: HTTP status code is not handled or not allowed
2025-09-30 21:00:29 [scrapy.spidermiddlewares.httperror] INFO: Ignoring response <404 https://www.hemkop.se/c/skafferi/flingor-gryner-och-musli/musli?page=0&size=30&sort=topRated>: HTTP status code is not handled or not allowed
2025-09-30 21:00:30 [scrapy.spidermiddlewares.httperror] INFO: Ignoring response <404 https://www.hemkop.se/c/skafferi/flingor-gryner-och-musli/flingor?page=0&size=30&sort=topRated>: HTTP status code is not handled or not allowed
2025-09-30 21:00:41 [scrapy.extensions.logstats] INFO: Crawled 2370 pages (at 98 pages/min), scraped 2021 items (at 73 items/min)
2025-09-30 21:01:41 [scrapy.extensions.logstats] INFO: Crawled 2470 pages (at 100 pages/min), scraped 2120 items (at 99 items/min)
2025-09-30 21:02:41 [scrapy.extensions.logstats] INFO: Crawled 2568 pages (at 98 pages/min), scraped 2218 items (at 98 items/min)
2025-09-30 21:03:22 [scrapy.spidermiddlewares.httperror] INFO: Ignoring response <404 https://www.hemkop.se/c/skafferi/torra-baljvaxter/ovriga-baljvaxter?page=0&size=30&sort=topRated>: HTTP status code is not handled or not allowed
2025-09-30 21:03:22 [scrapy.spidermiddlewares.httperror] INFO: Ignoring response <404 https://www.hemkop.se/c/skafferi/torra-baljvaxter/artor-linser-och-bonor?page=0&size=30&sort=topRated>: HTTP status code is not handled or not allowed
2025-09-30 21:03:23 [scrapy.spidermiddlewares.httperror] INFO: Ignoring response <404 https://www.hemkop.se/c/skafferi/torra-baljvaxter/froer-och-karnor?page=0&size=30&sort=topRated>: HTTP status code is not handled or not allowed
2025-09-30 21:03:24 [scrapy.spidermiddlewares.httperror] INFO: Ignoring response <404 https://www.hemkop.se/c/skafferi/pasta-ris-och-matgryn/mospulver?page=0&size=30&sort=topRated>: HTTP status code is not handled or not allowed
2025-09-30 21:03:24 [scrapy.spidermiddlewares.httperror] INFO: Ignoring response <404 https://www.hemkop.se/c/skafferi/pasta-ris-och-matgryn/ovriga-matgryn?page=0&size=30&sort=topRated>: HTTP status code is not handled or not allowed
2025-09-30 21:03:25 [scrapy.spidermiddlewares.httperror] INFO: Ignoring response <404 https://www.hemkop.se/c/skafferi/pasta-ris-och-matgryn/couscous-och-bulgur-?page=0&size=30&sort=topRated>: HTTP status code is not handled or not allowed
2025-09-30 21:03:26 [scrapy.spidermiddlewares.httperror] INFO: Ignoring response <404 https://www.hemkop.se/c/skafferi/pasta-ris-och-matgryn/ris?page=0&size=30&sort=topRated>: HTTP status code is not handled or not allowed
2025-09-30 21:03:26 [scrapy.spidermiddlewares.httperror] INFO: Ignoring response <404 https://www.hemkop.se/c/skafferi/pasta-ris-och-matgryn/farsk-pasta?page=0&size=30&sort=topRated>: HTTP status code is not handled or not allowed
2025-09-30 21:03:27 [scrapy.spidermiddlewares.httperror] INFO: Ignoring response <404 https://www.hemkop.se/c/skafferi/pasta-ris-och-matgryn/pasta/bonpasta?page=0&size=30&sort=topRated>: HTTP status code is not handled or not allowed
2025-09-30 21:03:28 [scrapy.spidermiddlewares.httperror] INFO: Ignoring response <404 https://www.hemkop.se/c/skafferi/pasta-ris-och-matgryn/pasta/kort-pasta?page=0&size=30&sort=topRated>: HTTP status code is not handled or not allowed
2025-09-30 21:03:28 [scrapy.spidermiddlewares.httperror] INFO: Ignoring response <404 https://www.hemkop.se/c/skafferi/pasta-ris-och-matgryn/pasta/makaroner?page=0&size=30&sort=topRated>: HTTP status code is not handled or not allowed
2025-09-30 21:03:29 [scrapy.spidermiddlewares.httperror] INFO: Ignoring response <404 https://www.hemkop.se/c/skafferi/pasta-ris-och-matgryn/pasta/tagliatelle?page=0&size=30&sort=topRated>: HTTP status code is not handled or not allowed
2025-09-30 21:03:30 [scrapy.spidermiddlewares.httperror] INFO: Ignoring response <404 https://www.hemkop.se/c/skafferi/pasta-ris-och-matgryn/pasta/spaghetti?page=0&size=30&sort=topRated>: HTTP status code is not handled or not allowed
2025-09-30 21:03:31 [scrapy.spidermiddlewares.httperror] INFO: Ignoring response <404 https://www.hemkop.se/c/skafferi/asien/japan?page=0&size=30&sort=topRated>: HTTP status code is not handled or not allowed
2025-09-30 21:03:33 [scrapy.spidermiddlewares.httperror] INFO: Ignoring response <404 https://www.hemkop.se/c/skafferi/asien/nudlar?page=0&size=30&sort=topRated>: HTTP status code is not handled or not allowed
2025-09-30 21:03:41 [scrapy.extensions.logstats] INFO: Crawled 2667 pages (at 99 pages/min), scraped 2297 items (at 79 items/min)
2025-09-30 21:04:41 [scrapy.extensions.logstats] INFO: Crawled 2764 pages (at 97 pages/min), scraped 2394 items (at 97 items/min)
2025-09-30 21:04:43 [scrapy.spidermiddlewares.httperror] INFO: Ignoring response <404 https://www.hemkop.se/c/skafferi/texmex/saser-och-tillbehor?page=0&size=30&sort=topRated>: HTTP status code is not handled or not allowed
2025-09-30 21:04:44 [scrapy.spidermiddlewares.httperror] INFO: Ignoring response <404 https://www.hemkop.se/c/skafferi/texmex/brod-chips-och-skal?page=0&size=30&sort=topRated>: HTTP status code is not handled or not allowed
2025-09-30 21:04:44 [scrapy.spidermiddlewares.httperror] INFO: Ignoring response <404 https://www.hemkop.se/c/skafferi/texmex/kryddmix-?page=0&size=30&sort=topRated>: HTTP status code is not handled or not allowed
2025-09-30 21:05:01 [scrapy.spidermiddlewares.httperror] INFO: Ignoring response <404 https://www.hemkop.se/c/skafferi/kryddor-och-smaksattare/grillolja?page=0&size=30&sort=topRated>: HTTP status code is not handled or not allowed
2025-09-30 21:05:02 [scrapy.spidermiddlewares.httperror] INFO: Ignoring response <404 https://www.hemkop.se/c/skafferi/kryddor-och-smaksattare/matmix?page=0&size=30&sort=topRated>: HTTP status code is not handled or not allowed
2025-09-30 21:05:03 [scrapy.spidermiddlewares.httperror] INFO: Ignoring response <404 https://www.hemkop.se/c/skafferi/kryddor-och-smaksattare/sas-dressing-och-majonnas?page=0&size=30&sort=topRated>: HTTP status code is not handled or not allowed
2025-09-30 21:05:31 [scrapy.spidermiddlewares.httperror] INFO: Ignoring response <404 https://www.hemkop.se/c/skafferi/kryddor-och-smaksattare/soja?page=0&size=30&sort=topRated>: HTTP status code is not handled or not allowed
2025-09-30 21:05:32 [scrapy.spidermiddlewares.httperror] INFO: Ignoring response <404 https://www.hemkop.se/c/skafferi/kryddor-och-smaksattare/senap?page=0&size=30&sort=topRated>: HTTP status code is not handled or not allowed
2025-09-30 21:05:32 [scrapy.spidermiddlewares.httperror] INFO: Ignoring response <404 https://www.hemkop.se/c/skafferi/kryddor-och-smaksattare/ketchup-och-chilisas?page=0&size=30&sort=topRated>: HTTP status code is not handled or not allowed
2025-09-30 21:05:33 [scrapy.spidermiddlewares.httperror] INFO: Ignoring response <404 https://www.hemkop.se/c/skafferi/kryddor-och-smaksattare/fond?page=0&size=30&sort=topRated>: HTTP status code is not handled or not allowed
2025-09-30 21:05:35 [scrapy.spidermiddlewares.httperror] INFO: Ignoring response <404 https://www.hemkop.se/c/skafferi/olja-och-vinager/attika?page=0&size=30&sort=topRated>: HTTP status code is not handled or not allowed
2025-09-30 21:05:36 [scrapy.spidermiddlewares.httperror] INFO: Ignoring response <404 https://www.hemkop.se/c/skafferi/olja-och-vinager/vinager-och-matlagningsvin?page=0&size=30&sort=topRated>: HTTP status code is not handled or not allowed
2025-09-30 21:05:41 [scrapy.extensions.logstats] INFO: Crawled 2860 pages (at 96 pages/min), scraped 2467 items (at 73 items/min)
2025-09-30 21:06:41 [scrapy.extensions.logstats] INFO: Crawled 2957 pages (at 97 pages/min), scraped 2561 items (at 94 items/min)
2025-09-30 21:07:41 [scrapy.extensions.logstats] INFO: Crawled 3057 pages (at 100 pages/min), scraped 2661 items (at 100 items/min)
2025-09-30 21:08:19 [scrapy.spidermiddlewares.httperror] INFO: Ignoring response <404 https://www.hemkop.se/c/skafferi/olja-och-vinager/ovriga-oljor?page=0&size=30&sort=topRated>: HTTP status code is not handled or not allowed
2025-09-30 21:08:20 [scrapy.spidermiddlewares.httperror] INFO: Ignoring response <404 https://www.hemkop.se/c/skafferi/olja-och-vinager/rapsolja?page=0&size=30&sort=topRated>: HTTP status code is not handled or not allowed
2025-09-30 21:08:20 [scrapy.spidermiddlewares.httperror] INFO: Ignoring response <404 https://www.hemkop.se/c/skafferi/olja-och-vinager/olivolja?page=0&size=30&sort=topRated>: HTTP status code is not handled or not allowed
2025-09-30 21:08:21 [scrapy.spidermiddlewares.httperror] INFO: Ignoring response <404 https://www.hemkop.se/c/skafferi/oliver-och-delikatesser/kylda-delikatesser?page=0&size=30&sort=topRated>: HTTP status code is not handled or not allowed
2025-09-30 21:08:23 [scrapy.spidermiddlewares.httperror] INFO: Ignoring response <404 https://www.hemkop.se/c/skafferi/konserver-och-burkar/fisk-och-skaldjurskonserver/ovriga-konserver?page=0&size=30&sort=topRated>: HTTP status code is not handled or not allowed
2025-09-30 21:08:23 [scrapy.spidermiddlewares.httperror] INFO: Ignoring response <404 https://www.hemkop.se/c/skafferi/konserver-och-burkar/fisk-och-skaldjurskonserver/tonfisk-och-makrill?page=0&size=30&sort=topRated>: HTTP status code is not handled or not allowed
2025-09-30 21:08:24 [scrapy.spidermiddlewares.httperror] INFO: Ignoring response <404 https://www.hemkop.se/c/skafferi/konserver-och-burkar/fisk-och-skaldjurskonserver/fiskbullar?page=0&size=30&sort=topRated>: HTTP status code is not handled or not allowed
2025-09-30 21:08:41 [scrapy.extensions.logstats] INFO: Crawled 3157 pages (at 100 pages/min), scraped 2749 items (at 88 items/min)
2025-09-30 21:09:41 [scrapy.extensions.logstats] INFO: Crawled 3257 pages (at 100 pages/min), scraped 2840 items (at 91 items/min)
2025-09-30 21:10:41 [scrapy.extensions.logstats] INFO: Crawled 3354 pages (at 97 pages/min), scraped 2937 items (at 97 items/min)
2025-09-30 21:11:41 [scrapy.extensions.logstats] INFO: Crawled 3449 pages (at 95 pages/min), scraped 3032 items (at 95 items/min)
2025-09-30 21:11:45 [scrapy.spidermiddlewares.httperror] INFO: Ignoring response <404 https://www.hemkop.se/c/mejeri-ost-och-agg/allergi-mejeri/smor-margarin-och-jast?page=0&size=30&sort=topRated>: HTTP status code is not handled or not allowed
2025-09-30 21:11:45 [scrapy.spidermiddlewares.httperror] INFO: Ignoring response <404 https://www.hemkop.se/c/mejeri-ost-och-agg/allergi-mejeri/mjolk?page=0&size=30&sort=topRated>: HTTP status code is not handled or not allowed
2025-09-30 21:11:46 [scrapy.spidermiddlewares.httperror] INFO: Ignoring response <404 https://www.hemkop.se/c/mejeri-ost-och-agg/allergi-mejeri/mellanmal-och-desserter?page=0&size=30&sort=topRated>: HTTP status code is not handled or not allowed
2025-09-30 21:11:46 [scrapy.spidermiddlewares.httperror] INFO: Ignoring response <404 https://www.hemkop.se/c/mejeri-ost-och-agg/allergi-mejeri/matlagning?page=0&size=30&sort=topRated>: HTTP status code is not handled or not allowed
2025-09-30 21:12:31 [scrapy.spidermiddlewares.httperror] INFO: Ignoring response <404 https://www.hemkop.se/c/mejeri-ost-och-agg/mellanmal-och-desserter/kvarg-och-cottage-cheese?page=0&size=30&sort=topRated>: HTTP status code is not handled or not allowed
2025-09-30 21:12:31 [scrapy.spidermiddlewares.httperror] INFO: Ignoring response <404 https://www.hemkop.se/c/mejeri-ost-och-agg/mellanmal-och-desserter/drickyoghurt?page=0&size=30&sort=topRated>: HTTP status code is not handled or not allowed
2025-09-30 21:12:34 [scrapy.spidermiddlewares.httperror] INFO: Ignoring response <404 https://www.hemkop.se/c/mejeri-ost-och-agg/smor-margarin-och-jast/matfett?page=0&size=30&sort=topRated>: HTTP status code is not handled or not allowed
2025-09-30 21:12:35 [scrapy.spidermiddlewares.httperror] INFO: Ignoring response <404 https://www.hemkop.se/c/mejeri-ost-och-agg/smor-margarin-och-jast/bordsmargarin?page=0&size=30&sort=topRated>: HTTP status code is not handled or not allowed
2025-09-30 21:12:41 [scrapy.extensions.logstats] INFO: Crawled 3546 pages (at 97 pages/min), scraped 3112 items (at 80 items/min)
2025-09-30 21:12:57 [scrapy.spidermiddlewares.httperror] INFO: Ignoring response <404 https://www.hemkop.se/c/mejeri-ost-och-agg/matlagning/matlagningsyoghurt?page=0&size=30&sort=topRated>: HTTP status code is not handled or not allowed
2025-09-30 21:12:58 [scrapy.spidermiddlewares.httperror] INFO: Ignoring response <404 https://www.hemkop.se/c/mejeri-ost-och-agg/matlagning/graddfil-och-creme-fraiche?page=0&size=30&sort=topRated>: HTTP status code is not handled or not allowed
2025-09-30 21:12:59 [scrapy.spidermiddlewares.httperror] INFO: Ignoring response <404 https://www.hemkop.se/c/mejeri-ost-och-agg/matlagning/gradde?page=0&size=30&sort=topRated>: HTTP status code is not handled or not allowed
2025-09-30 21:12:59 [scrapy.spidermiddlewares.httperror] INFO: Ignoring response <404 https://www.hemkop.se/c/mejeri-ost-och-agg/matlagning/allergi-matlagning-?page=0&size=30&sort=topRated>: HTTP status code is not handled or not allowed
2025-09-30 21:13:00 [scrapy.spidermiddlewares.httperror] INFO: Ignoring response <404 https://www.hemkop.se/c/mejeri-ost-och-agg/kvarg-och-cottage-cheese/kvarg?page=0&size=30&sort=topRated>: HTTP status code is not handled or not allowed
2025-09-30 21:13:00 [scrapy.spidermiddlewares.httperror] INFO: Ignoring response <404 https://www.hemkop.se/c/mejeri-ost-och-agg/kvarg-och-cottage-cheese/cottage-cheese?page=0&size=30&sort=topRated>: HTTP status code is not handled or not allowed
2025-09-30 21:13:01 [scrapy.spidermiddlewares.httperror] INFO: Ignoring response <404 https://www.hemkop.se/c/mejeri-ost-och-agg/filmjolk-och-yoghurt/ovrig-filmjolk-och-yoghurt?page=0&size=30&sort=topRated>: HTTP status code is not handled or not allowed
2025-09-30 21:13:02 [scrapy.spidermiddlewares.httperror] INFO: Ignoring response <404 https://www.hemkop.se/c/mejeri-ost-och-agg/filmjolk-och-yoghurt/filmjolk?page=0&size=30&sort=topRated>: HTTP status code is not handled or not allowed
2025-09-30 21:13:02 [scrapy.spidermiddlewares.httperror] INFO: Ignoring response <404 https://www.hemkop.se/c/mejeri-ost-och-agg/filmjolk-och-yoghurt/smaksatt-yoghurt?page=0&size=30&sort=topRated>: HTTP status code is not handled or not allowed
2025-09-30 21:13:03 [scrapy.spidermiddlewares.httperror] INFO: Ignoring response <404 https://www.hemkop.se/c/mejeri-ost-och-agg/filmjolk-och-yoghurt/naturell-yoghurt?page=0&size=30&sort=topRated>: HTTP status code is not handled or not allowed
2025-09-30 21:13:03 [scrapy.spidermiddlewares.httperror] INFO: Ignoring response <404 https://www.hemkop.se/c/mejeri-ost-och-agg/filmjolk-och-yoghurt/drickyoghurt?page=0&size=30&sort=topRated>: HTTP status code is not handled or not allowed
2025-09-30 21:13:04 [scrapy.spidermiddlewares.httperror] INFO: Ignoring response <404 https://www.hemkop.se/c/mejeri-ost-och-agg/havre-soja-risdryck-mm?page=0&size=30&sort=topRated>: HTTP status code is not handled or not allowed
2025-09-30 21:13:04 [scrapy.spidermiddlewares.httperror] INFO: Ignoring response <404 https://www.hemkop.se/c/mejeri-ost-och-agg/juice-fruktdryck-och-smoothie/smoothies?page=0&size=30&sort=topRated>: HTTP status code is not handled or not allowed
2025-09-30 21:13:05 [scrapy.spidermiddlewares.httperror] INFO: Ignoring response <404 https://www.hemkop.se/c/mejeri-ost-och-agg/juice-fruktdryck-och-smoothie/kyld-juice-och-nektar?page=0&size=30&sort=topRated>: HTTP status code is not handled or not allowed
2025-09-30 21:13:06 [scrapy.spidermiddlewares.httperror] INFO: Ignoring response <404 https://www.hemkop.se/c/mejeri-ost-och-agg/juice-fruktdryck-och-smoothie/kyld-fruktdryck?page=0&size=30&sort=topRated>: HTTP status code is not handled or not allowed
2025-09-30 21:13:06 [scrapy.spidermiddlewares.httperror] INFO: Ignoring response <404 https://www.hemkop.se/c/mejeri-ost-och-agg/juice-fruktdryck-och-smoothie/ej-kyld-juice-och-nektar?page=0&size=30&sort=topRated>: HTTP status code is not handled or not allowed
2025-09-30 21:13:07 [scrapy.spidermiddlewares.httperror] INFO: Ignoring response <404 https://www.hemkop.se/c/mejeri-ost-och-agg/juice-fruktdryck-och-smoothie/ej-kyld-fruktdryck?page=0&size=30&sort=topRated>: HTTP status code is not handled or not allowed
2025-09-30 21:13:10 [scrapy.spidermiddlewares.httperror] INFO: Ignoring response <404 https://www.hemkop.se/c/mejeri-ost-och-agg/ost/vegetariskt?page=0&size=30&sort=topRated>: HTTP status code is not handled or not allowed
2025-09-30 21:13:30 [scrapy.spidermiddlewares.httperror] INFO: Ignoring response <404 https://www.hemkop.se/c/mejeri-ost-och-agg/ost/skivad-ost?page=0&size=30&sort=topRated>: HTTP status code is not handled or not allowed
2025-09-30 21:13:33 [scrapy.spidermiddlewares.httperror] INFO: Ignoring response <404 https://www.hemkop.se/c/mejeri-ost-och-agg/ost/hardost-mild-mellan?page=0&size=30&sort=topRated>: HTTP status code is not handled or not allowed
2025-09-30 21:13:41 [scrapy.extensions.logstats] INFO: Crawled 3646 pages (at 100 pages/min), scraped 3180 items (at 68 items/min)
2025-09-30 21:14:41 [scrapy.extensions.logstats] INFO: Crawled 3743 pages (at 97 pages/min), scraped 3275 items (at 95 items/min)
2025-09-30 21:15:29 [scrapy.spidermiddlewares.httperror] INFO: Ignoring response <404 https://www.hemkop.se/c/mejeri-ost-och-agg/ost/hardost-lagrad?page=0&size=30&sort=topRated>: HTTP status code is not handled or not allowed
2025-09-30 21:15:30 [scrapy.spidermiddlewares.httperror] INFO: Ignoring response <404 https://www.hemkop.se/c/frukt-och-gront/kryddor-och-smaksattare/citron-och-lime?page=0&size=30&sort=topRated>: HTTP status code is not handled or not allowed
2025-09-30 21:15:41 [scrapy.extensions.logstats] INFO: Crawled 3843 pages (at 100 pages/min), scraped 3365 items (at 90 items/min)
2025-09-30 21:16:41 [scrapy.extensions.logstats] INFO: Crawled 3943 pages (at 100 pages/min), scraped 3465 items (at 100 items/min)
2025-09-30 21:17:33 [scrapy.spidermiddlewares.httperror] INFO: Ignoring response <404 https://www.hemkop.se/c/frukt-och-gront/potatis-och-rotsaker/lok?page=0&size=30&sort=topRated>: HTTP status code is not handled or not allowed
2025-09-30 21:17:33 [scrapy.spidermiddlewares.httperror] INFO: Ignoring response <404 https://www.hemkop.se/c/frukt-och-gront/potatis-och-rotsaker/rotsaker?page=0&size=30&sort=topRated>: HTTP status code is not handled or not allowed
2025-09-30 21:17:34 [scrapy.spidermiddlewares.httperror] INFO: Ignoring response <404 https://www.hemkop.se/c/frukt-och-gront/potatis-och-rotsaker/potatis?page=0&size=30&sort=topRated>: HTTP status code is not handled or not allowed
2025-09-30 21:17:41 [scrapy.extensions.logstats] INFO: Crawled 4041 pages (at 98 pages/min), scraped 3558 items (at 93 items/min)
2025-09-30 21:17:49 [scrapy.spidermiddlewares.httperror] INFO: Ignoring response <404 https://www.hemkop.se/c/frukt-och-gront/gronsaker/sallad-och-kal?page=0&size=30&sort=topRated>: HTTP status code is not handled or not allowed
2025-09-30 21:18:36 [scrapy.spidermiddlewares.httperror] INFO: Ignoring response <404 https://www.hemkop.se/c/frukt-och-gront/gronsaker/auberginer-och-zucchini?page=0&size=30&sort=topRated>: HTTP status code is not handled or not allowed
2025-09-30 21:18:41 [scrapy.extensions.logstats] INFO: Crawled 4139 pages (at 98 pages/min), scraped 3646 items (at 88 items/min)
2025-09-30 21:18:47 [scrapy.spidermiddlewares.httperror] INFO: Ignoring response <404 https://www.hemkop.se/c/frukt-och-gront/farska-bar?page=0&size=30&sort=topRated>: HTTP status code is not handled or not allowed
2025-09-30 21:18:50 [scrapy.spidermiddlewares.httperror] INFO: Ignoring response <404 https://www.hemkop.se/c/frukt-och-gront/frukt/plommon?page=0&size=30&sort=topRated>: HTTP status code is not handled or not allowed
2025-09-30 21:18:51 [scrapy.spidermiddlewares.httperror] INFO: Ignoring response <404 https://www.hemkop.se/c/frukt-och-gront/frukt/melon?page=0&size=30&sort=topRated>: HTTP status code is not handled or not allowed
2025-09-30 21:19:08 [scrapy.spidermiddlewares.httperror] INFO: Ignoring response <404 https://www.hemkop.se/c/kott-chark-och-fagel/delikatesschark/delikatesser?page=0&size=30&sort=topRated>: HTTP status code is not handled or not allowed
2025-09-30 21:19:31 [scrapy.spidermiddlewares.httperror] INFO: Ignoring response <404 https://www.hemkop.se/c/kott-chark-och-fagel/delikatesschark/inlaggningar?page=0&size=30&sort=topRated>: HTTP status code is not handled or not allowed
2025-09-30 21:19:31 [scrapy.spidermiddlewares.httperror] INFO: Ignoring response <404 https://www.hemkop.se/c/kott-chark-och-fagel/palagg/sylta?page=0&size=30&sort=topRated>: HTTP status code is not handled or not allowed
2025-09-30 21:19:32 [scrapy.spidermiddlewares.httperror] INFO: Ignoring response <404 https://www.hemkop.se/c/kott-chark-och-fagel/palagg/skivat-palagg?page=0&size=30&sort=topRated>: HTTP status code is not handled or not allowed
2025-09-30 21:19:33 [scrapy.spidermiddlewares.httperror] INFO: Ignoring response <404 https://www.hemkop.se/c/kott-chark-och-fagel/palagg/palagg-i-bit?page=0&size=30&sort=topRated>: HTTP status code is not handled or not allowed
2025-09-30 21:19:33 [scrapy.spidermiddlewares.httperror] INFO: Ignoring response <404 https://www.hemkop.se/c/kott-chark-och-fagel/palagg/pastej-och-pat-?page=0&size=30&sort=topRated>: HTTP status code is not handled or not allowed
2025-09-30 21:19:34 [scrapy.spidermiddlewares.httperror] INFO: Ignoring response <404 https://www.hemkop.se/c/kott-chark-och-fagel/palagg/korv-och-salami?page=0&size=30&sort=topRated>: HTTP status code is not handled or not allowed
2025-09-30 21:19:35 [scrapy.spidermiddlewares.httperror] INFO: Ignoring response <404 https://www.hemkop.se/c/kott-chark-och-fagel/chark/ovrigt-rokt-och-rimmat?page=0&size=30&sort=topRated>: HTTP status code is not handled or not allowed
2025-09-30 21:19:35 [scrapy.spidermiddlewares.httperror] INFO: Ignoring response <404 https://www.hemkop.se/c/kott-chark-och-fagel/chark/blodpudding?page=0&size=30&sort=topRated>: HTTP status code is not handled or not allowed
2025-09-30 21:19:36 [scrapy.spidermiddlewares.httperror] INFO: Ignoring response <404 https://www.hemkop.se/c/kott-chark-och-fagel/chark/kottbullar-och-farsprodukter?page=0&size=30&sort=topRated>: HTTP status code is not handled or not allowed
2025-09-30 21:19:37 [scrapy.spidermiddlewares.httperror] INFO: Ignoring response <404 https://www.hemkop.se/c/kott-chark-och-fagel/chark/bacon-och-stekflask?page=0&size=30&sort=topRated>: HTTP status code is not handled or not allowed
2025-09-30 21:19:37 [scrapy.spidermiddlewares.httperror] INFO: Ignoring response <404 https://www.hemkop.se/c/kott-chark-och-fagel/korv/fryst-korv?page=0&size=30&sort=topRated>: HTTP status code is not handled or not allowed
2025-09-30 21:19:38 [scrapy.spidermiddlewares.httperror] INFO: Ignoring response <404 https://www.hemkop.se/c/kott-chark-och-fagel/korv/olkorv?page=0&size=30&sort=topRated>: HTTP status code is not handled or not allowed
2025-09-30 21:19:39 [scrapy.spidermiddlewares.httperror] INFO: Ignoring response <404 https://www.hemkop.se/c/kott-chark-och-fagel/korv/vegetarisk-korv?page=0&size=30&sort=topRated>: HTTP status code is not handled or not allowed
2025-09-30 21:19:40 [scrapy.spidermiddlewares.httperror] INFO: Ignoring response <404 https://www.hemkop.se/c/kott-chark-och-fagel/korv/kott-och-flaskkorv-mm?page=0&size=30&sort=topRated>: HTTP status code is not handled or not allowed
2025-09-30 21:19:40 [scrapy.spidermiddlewares.httperror] INFO: Ignoring response <404 https://www.hemkop.se/c/kott-chark-och-fagel/korv/varm-wienerkorv-mm?page=0&size=30&sort=topRated>: HTTP status code is not handled or not allowed
2025-09-30 21:19:41 [scrapy.spidermiddlewares.httperror] INFO: Ignoring response <404 https://www.hemkop.se/c/kott-chark-och-fagel/korv/grill-kok-och-kryddkorv?page=0&size=30&sort=topRated>: HTTP status code is not handled or not allowed
2025-09-30 21:19:41 [scrapy.extensions.logstats] INFO: Crawled 4234 pages (at 95 pages/min), scraped 3713 items (at 67 items/min)
2025-09-30 21:19:41 [scrapy.spidermiddlewares.httperror] INFO: Ignoring response <404 https://www.hemkop.se/c/kott-chark-och-fagel/korv/farska-korvar?page=0&size=30&sort=topRated>: HTTP status code is not handled or not allowed
2025-09-30 21:19:42 [scrapy.spidermiddlewares.httperror] INFO: Ignoring response <404 https://www.hemkop.se/c/kott-chark-och-fagel/korv/falukorv?page=0&size=30&sort=topRated>: HTTP status code is not handled or not allowed
2025-09-30 21:19:43 [scrapy.spidermiddlewares.httperror] INFO: Ignoring response <404 https://www.hemkop.se/c/kott-chark-och-fagel/kott/kassler?page=0&size=30&sort=topRated>: HTTP status code is not handled or not allowed
2025-09-30 21:19:43 [scrapy.spidermiddlewares.httperror] INFO: Ignoring response <404 https://www.hemkop.se/c/kott-chark-och-fagel/kott/lamm-och-vilt?page=0&size=30&sort=topRated>: HTTP status code is not handled or not allowed
2025-09-30 21:19:44 [scrapy.spidermiddlewares.httperror] INFO: Ignoring response <404 https://www.hemkop.se/c/kott-chark-och-fagel/kott/kottfars?page=0&size=30&sort=topRated>: HTTP status code is not handled or not allowed
2025-09-30 21:19:45 [scrapy.spidermiddlewares.httperror] INFO: Ignoring response <404 https://www.hemkop.se/c/kott-chark-och-fagel/kott/not-och-kalv?page=0&size=30&sort=topRated>: HTTP status code is not handled or not allowed
2025-09-30 21:19:45 [scrapy.spidermiddlewares.httperror] INFO: Ignoring response <404 https://www.hemkop.se/c/kott-chark-och-fagel/kott/fardiglagat-och-pannfardigt?page=0&size=30&sort=topRated>: HTTP status code is not handled or not allowed
2025-09-30 21:19:46 [scrapy.spidermiddlewares.httperror] INFO: Ignoring response <404 https://www.hemkop.se/c/kott-chark-och-fagel/kott/flask?page=0&size=30&sort=topRated>: HTTP status code is not handled or not allowed
2025-09-30 21:19:47 [scrapy.spidermiddlewares.httperror] INFO: Ignoring response <404 https://www.hemkop.se/c/kott-chark-och-fagel/fagel/fryst-fagel?page=0&size=30&sort=topRated>: HTTP status code is not handled or not allowed
2025-09-30 21:19:47 [scrapy.spidermiddlewares.httperror] INFO: Ignoring response <404 https://www.hemkop.se/c/kott-chark-och-fagel/fagel/farsk-fagel?page=0&size=30&sort=topRated>: HTTP status code is not handled or not allowed
2025-09-30 21:19:47 [scrapy.core.engine] INFO: Closing spider (finished)
2025-09-30 21:19:47 [scrapy.extensions.feedexport] INFO: Stored jsonl feed (3713 items) in: products_hemkop_20250930_203641.jsonl
2025-09-30 21:19:47 [scrapy.statscollectors] INFO: Dumping Scrapy stats:
{'downloader/request_bytes': 3647158,
 'downloader/request_count': 4244,
 'downloader/request_method_count/GET': 4244,
 'downloader/response_bytes': 16077496,
 'downloader/response_count': 4244,
 'downloader/response_status_count/200': 3910,
 'downloader/response_status_count/404': 334,
 'dupefilter/filtered': 131,
 'elapsed_time_seconds': 2586.033901,
 'feedexport/success_count/FileFeedStorage': 1,
 'finish_reason': 'finished',
 'finish_time': datetime.datetime(2025, 9, 30, 19, 19, 47, 777696, tzinfo=datetime.timezone.utc),
 'httpcompression/response_bytes': 31355969,
 'httpcompression/response_count': 4244,
 'httperror/response_ignored_count': 334,
 'httperror/response_ignored_status_count/404': 334,
 'item_scraped_count': 3713,
 'items_per_minute': 86.14849187935035,
 'log_count/INFO': 388,
 'memusage/max': 87965696,
 'memusage/startup': 67387392,
 'request_depth_max': 9,
 'response_received_count': 4244,
 'responses_per_minute': 98.46867749419954,
 'robotstxt/request_count': 1,
 'robotstxt/response_count': 1,
 'robotstxt/response_status_count/200': 1,
 'scheduler/dequeued': 4243,
 'scheduler/dequeued/memory': 4243,
 'scheduler/enqueued': 4243,
 'scheduler/enqueued/memory': 4243,
 'start_time': datetime.datetime(2025, 9, 30, 18, 36, 41, 743795, tzinfo=datetime.timezone.utc)}
2025-09-30 21:19:47 [scrapy.core.engine] INFO: Spider closed (finished)
